{"/home/travis/build/npmtest/node-npmtest-svg-to-png/test.js":{"path":"/home/travis/build/npmtest/node-npmtest-svg-to-png/test.js","s":{"1":2,"2":2,"3":2,"4":2,"5":2,"6":2,"7":2,"8":1,"9":2,"10":2,"11":1,"12":1,"13":1,"14":1,"15":2,"16":2,"17":2,"18":2,"19":1,"20":1,"21":2,"22":2,"23":2,"24":1,"25":1,"26":1,"27":1,"28":1,"29":1,"30":1,"31":1,"32":1,"33":1,"34":1,"35":1,"36":1,"37":1,"38":1,"39":2,"40":2,"41":1,"42":2,"43":2,"44":1,"45":2,"46":2,"47":1,"48":2,"49":2,"50":1,"51":1,"52":1,"53":1,"54":1},"b":{"1":[2,1,1,1],"2":[1,1,1,1],"3":[1,1],"4":[1,1],"5":[1,1],"6":[1,1],"7":[1,1],"8":[1,1],"9":[1,1],"10":[1,1,1],"11":[1,1],"12":[1,1],"13":[1,1],"14":[1,1],"15":[1,1],"16":[1,1],"17":[1,1]},"f":{"1":2,"2":2,"3":2,"4":2,"5":2,"6":1,"7":1,"8":1,"9":2,"10":2,"11":2,"12":2,"13":1},"fnMap":{"1":{"name":"(anonymous_1)","line":12,"loc":{"start":{"line":12,"column":1},"end":{"line":12,"column":13}}},"2":{"name":"(anonymous_2)","line":19,"loc":{"start":{"line":19,"column":5},"end":{"line":19,"column":17}}},"3":{"name":"(anonymous_3)","line":23,"loc":{"start":{"line":23,"column":24},"end":{"line":23,"column":36}}},"4":{"name":"(anonymous_4)","line":61,"loc":{"start":{"line":61,"column":5},"end":{"line":61,"column":17}}},"5":{"name":"(anonymous_5)","line":82,"loc":{"start":{"line":82,"column":5},"end":{"line":82,"column":17}}},"6":{"name":"(anonymous_6)","line":91,"loc":{"start":{"line":91,"column":77},"end":{"line":94,"column":10}}},"7":{"name":"(anonymous_7)","line":112,"loc":{"start":{"line":112,"column":83},"end":{"line":115,"column":10}},"skip":true},"8":{"name":"(anonymous_8)","line":123,"loc":{"start":{"line":123,"column":77},"end":{"line":126,"column":10}},"skip":true},"9":{"name":"(anonymous_9)","line":139,"loc":{"start":{"line":139,"column":12},"end":{"line":139,"column":40}},"skip":true},"10":{"name":"(anonymous_10)","line":147,"loc":{"start":{"line":147,"column":77},"end":{"line":150,"column":10}},"skip":true},"11":{"name":"(anonymous_11)","line":158,"loc":{"start":{"line":158,"column":83},"end":{"line":161,"column":10}},"skip":true},"12":{"name":"(anonymous_12)","line":169,"loc":{"start":{"line":169,"column":79},"end":{"line":172,"column":10}},"skip":true},"13":{"name":"(anonymous_13)","line":180,"loc":{"start":{"line":180,"column":75},"end":{"line":183,"column":10}},"skip":true}},"statementMap":{"1":{"start":{"line":12,"column":0},"end":{"line":195,"column":5}},"2":{"start":{"line":14,"column":4},"end":{"line":14,"column":14}},"3":{"start":{"line":19,"column":4},"end":{"line":56,"column":9}},"4":{"start":{"line":21,"column":8},"end":{"line":21,"column":19}},"5":{"start":{"line":23,"column":8},"end":{"line":35,"column":13}},"6":{"start":{"line":24,"column":12},"end":{"line":34,"column":13}},"7":{"start":{"line":25,"column":16},"end":{"line":28,"column":30}},"8":{"start":{"line":30,"column":16},"end":{"line":33,"column":27}},"9":{"start":{"line":37,"column":8},"end":{"line":39,"column":21}},"10":{"start":{"line":40,"column":8},"end":{"line":53,"column":9}},"11":{"start":{"line":43,"column":12},"end":{"line":46,"column":14}},"12":{"start":{"line":47,"column":12},"end":{"line":47,"column":18}},"13":{"start":{"line":50,"column":12},"end":{"line":51,"column":33}},"14":{"start":{"line":52,"column":12},"end":{"line":52,"column":18}},"15":{"start":{"line":55,"column":8},"end":{"line":55,"column":35}},"16":{"start":{"line":61,"column":4},"end":{"line":63,"column":9}},"17":{"start":{"line":62,"column":8},"end":{"line":62,"column":15}},"18":{"start":{"line":64,"column":4},"end":{"line":77,"column":5}},"19":{"start":{"line":70,"column":8},"end":{"line":70,"column":14}},"20":{"start":{"line":76,"column":8},"end":{"line":76,"column":14}},"21":{"start":{"line":82,"column":4},"end":{"line":84,"column":9}},"22":{"start":{"line":83,"column":8},"end":{"line":83,"column":15}},"23":{"start":{"line":85,"column":4},"end":{"line":194,"column":5}},"24":{"start":{"line":91,"column":8},"end":{"line":99,"column":10}},"25":{"start":{"line":98,"column":12},"end":{"line":98,"column":35}},"26":{"start":{"line":102,"column":8},"end":{"line":104,"column":63}},"27":{"start":{"line":105,"column":8},"end":{"line":105,"column":14}},"28":{"start":{"line":112,"column":8},"end":{"line":121,"column":10},"skip":true},"29":{"start":{"line":119,"column":12},"end":{"line":119,"column":55},"skip":true},"30":{"start":{"line":120,"column":12},"end":{"line":120,"column":48},"skip":true},"31":{"start":{"line":123,"column":8},"end":{"line":136,"column":10},"skip":true},"32":{"start":{"line":130,"column":12},"end":{"line":130,"column":76},"skip":true},"33":{"start":{"line":131,"column":12},"end":{"line":131,"column":73},"skip":true},"34":{"start":{"line":132,"column":12},"end":{"line":132,"column":74},"skip":true},"35":{"start":{"line":133,"column":12},"end":{"line":133,"column":79},"skip":true},"36":{"start":{"line":134,"column":12},"end":{"line":134,"column":25},"skip":true},"37":{"start":{"line":135,"column":12},"end":{"line":135,"column":45},"skip":true},"38":{"start":{"line":138,"column":8},"end":{"line":145,"column":14},"skip":true},"39":{"start":{"line":143,"column":16},"end":{"line":143,"column":29},"skip":true},"40":{"start":{"line":144,"column":16},"end":{"line":144,"column":55},"skip":true},"41":{"start":{"line":147,"column":8},"end":{"line":156,"column":10},"skip":true},"42":{"start":{"line":154,"column":12},"end":{"line":154,"column":25},"skip":true},"43":{"start":{"line":155,"column":12},"end":{"line":155,"column":45},"skip":true},"44":{"start":{"line":158,"column":8},"end":{"line":167,"column":10},"skip":true},"45":{"start":{"line":165,"column":12},"end":{"line":165,"column":25},"skip":true},"46":{"start":{"line":166,"column":12},"end":{"line":166,"column":48},"skip":true},"47":{"start":{"line":169,"column":8},"end":{"line":178,"column":10},"skip":true},"48":{"start":{"line":176,"column":12},"end":{"line":176,"column":25},"skip":true},"49":{"start":{"line":177,"column":12},"end":{"line":177,"column":46},"skip":true},"50":{"start":{"line":180,"column":8},"end":{"line":189,"column":10},"skip":true},"51":{"start":{"line":187,"column":12},"end":{"line":187,"column":94},"skip":true},"52":{"start":{"line":188,"column":12},"end":{"line":188,"column":48},"skip":true},"53":{"start":{"line":192,"column":8},"end":{"line":192,"column":35},"skip":true},"54":{"start":{"line":193,"column":8},"end":{"line":193,"column":14},"skip":true}},"branchMap":{"1":{"line":25,"type":"binary-expr","locations":[{"start":{"line":25,"column":23},"end":{"line":25,"column":62}},{"start":{"line":26,"column":20},"end":{"line":26,"column":70}},{"start":{"line":27,"column":20},"end":{"line":27,"column":71}},{"start":{"line":28,"column":20},"end":{"line":28,"column":29}}]},"2":{"line":30,"type":"binary-expr","locations":[{"start":{"line":30,"column":23},"end":{"line":30,"column":37}},{"start":{"line":31,"column":20},"end":{"line":31,"column":61}},{"start":{"line":32,"column":20},"end":{"line":32,"column":70}},{"start":{"line":33,"column":20},"end":{"line":33,"column":26}}]},"3":{"line":37,"type":"cond-expr","locations":[{"start":{"line":38,"column":14},"end":{"line":38,"column":20}},{"start":{"line":39,"column":14},"end":{"line":39,"column":20}}]},"4":{"line":40,"type":"switch","locations":[{"start":{"line":42,"column":8},"end":{"line":47,"column":18}},{"start":{"line":49,"column":8},"end":{"line":52,"column":18}}]},"5":{"line":44,"type":"binary-expr","locations":[{"start":{"line":44,"column":16},"end":{"line":44,"column":44}},{"start":{"line":44,"column":48},"end":{"line":44,"column":66}}]},"6":{"line":50,"type":"binary-expr","locations":[{"start":{"line":50,"column":21},"end":{"line":50,"column":49}},{"start":{"line":50,"column":53},"end":{"line":50,"column":72}}]},"7":{"line":64,"type":"switch","locations":[{"start":{"line":69,"column":4},"end":{"line":70,"column":14}},{"start":{"line":75,"column":4},"end":{"line":76,"column":14}}]},"8":{"line":85,"type":"switch","locations":[{"start":{"line":90,"column":4},"end":{"line":105,"column":14}},{"start":{"line":111,"column":4},"end":{"line":193,"column":14},"skip":true}]},"9":{"line":91,"type":"binary-expr","locations":[{"start":{"line":91,"column":42},"end":{"line":91,"column":73}},{"start":{"line":91,"column":77},"end":{"line":99,"column":9}}]},"10":{"line":102,"type":"binary-expr","locations":[{"start":{"line":102,"column":18},"end":{"line":102,"column":32}},{"start":{"line":103,"column":12},"end":{"line":103,"column":53}},{"start":{"line":104,"column":12},"end":{"line":104,"column":61}}]},"11":{"line":112,"type":"binary-expr","locations":[{"start":{"line":112,"column":45},"end":{"line":112,"column":79},"skip":true},{"start":{"line":112,"column":83},"end":{"line":121,"column":9},"skip":true}]},"12":{"line":123,"type":"binary-expr","locations":[{"start":{"line":123,"column":42},"end":{"line":123,"column":73},"skip":true},{"start":{"line":123,"column":77},"end":{"line":136,"column":9},"skip":true}]},"13":{"line":138,"type":"binary-expr","locations":[{"start":{"line":138,"column":48},"end":{"line":138,"column":85},"skip":true},{"start":{"line":139,"column":12},"end":{"line":145,"column":13},"skip":true}]},"14":{"line":147,"type":"binary-expr","locations":[{"start":{"line":147,"column":42},"end":{"line":147,"column":73},"skip":true},{"start":{"line":147,"column":77},"end":{"line":156,"column":9},"skip":true}]},"15":{"line":158,"type":"binary-expr","locations":[{"start":{"line":158,"column":45},"end":{"line":158,"column":79},"skip":true},{"start":{"line":158,"column":83},"end":{"line":167,"column":9},"skip":true}]},"16":{"line":169,"type":"binary-expr","locations":[{"start":{"line":169,"column":43},"end":{"line":169,"column":75},"skip":true},{"start":{"line":169,"column":79},"end":{"line":178,"column":9},"skip":true}]},"17":{"line":180,"type":"binary-expr","locations":[{"start":{"line":180,"column":41},"end":{"line":180,"column":71},"skip":true},{"start":{"line":180,"column":75},"end":{"line":189,"column":9},"skip":true}]}},"code":["/* istanbul instrument in package npmtest_svg_to_png */","/*jslint","    bitwise: true,","    browser: true,","    maxerr: 8,","    maxlen: 96,","    node: true,","    nomen: true,","    regexp: true,","    stupid: true","*/","(function () {","    'use strict';","    var local;","","","","    // run shared js-env code - init-before","    (function () {","        // init local","        local = {};","        // init modeJs","        local.modeJs = (function () {","            try {","                return typeof navigator.userAgent === 'string' &&","                    typeof document.querySelector('body') === 'object' &&","                    typeof XMLHttpRequest.prototype.open === 'function' &&","                    'browser';","            } catch (errorCaughtBrowser) {","                return module.exports &&","                    typeof process.versions.node === 'string' &&","                    typeof require('http').createServer === 'function' &&","                    'node';","            }","        }());","        // init global","        local.global = local.modeJs === 'browser'","            ? window","            : global;","        switch (local.modeJs) {","        // re-init local from window.local","        case 'browser':","            local = local.global.utility2.objectSetDefault(","                local.global.utility2_rollup || local.global.local,","                local.global.utility2","            );","            break;","        // re-init local from example.js","        case 'node':","            local = (local.global.utility2_rollup || require('utility2'))","                .requireReadme();","            break;","        }","        // export local","        local.global.local = local;","    }());","","","","    // run shared js-env code - function","    (function () {","        return;","    }());","    switch (local.modeJs) {","","","","    // run browser js-env code - function","    case 'browser':","        break;","","","","    // run node js-env code - function","    case 'node':","        break;","    }","","","","    // run shared js-env code - init-after","    (function () {","        return;","    }());","    switch (local.modeJs) {","","","","    // run browser js-env code - init-after","    case 'browser':","        local.testCase_browser_nullCase = local.testCase_browser_nullCase || function (","            options,","            onError","        ) {","        /*","         * this function will test browsers's null-case handling-behavior-behavior","         */","            onError(null, options);","        };","","        // run tests","        local.nop(local.modeTest &&","            document.querySelector('#testRunButton1') &&","            document.querySelector('#testRunButton1').click());","        break;","","","","    // run node js-env code - init-after","    /* istanbul ignore next */","    case 'node':","        local.testCase_buildApidoc_default = local.testCase_buildApidoc_default || function (","            options,","            onError","        ) {","        /*","         * this function will test buildApidoc's default handling-behavior-behavior","         */","            options = { modulePathList: module.paths };","            local.buildApidoc(options, onError);","        };","","        local.testCase_buildApp_default = local.testCase_buildApp_default || function (","            options,","            onError","        ) {","        /*","         * this function will test buildApp's default handling-behavior-behavior","         */","            local.testCase_buildReadme_default(options, local.onErrorThrow);","            local.testCase_buildLib_default(options, local.onErrorThrow);","            local.testCase_buildTest_default(options, local.onErrorThrow);","            local.testCase_buildCustomOrg_default(options, local.onErrorThrow);","            options = [];","            local.buildApp(options, onError);","        };","","        local.testCase_buildCustomOrg_default = local.testCase_buildCustomOrg_default ||","            function (options, onError) {","            /*","             * this function will test buildCustomOrg's default handling-behavior","             */","                options = {};","                local.buildCustomOrg(options, onError);","            };","","        local.testCase_buildLib_default = local.testCase_buildLib_default || function (","            options,","            onError","        ) {","        /*","         * this function will test buildLib's default handling-behavior","         */","            options = {};","            local.buildLib(options, onError);","        };","","        local.testCase_buildReadme_default = local.testCase_buildReadme_default || function (","            options,","            onError","        ) {","        /*","         * this function will test buildReadme's default handling-behavior-behavior","         */","            options = {};","            local.buildReadme(options, onError);","        };","","        local.testCase_buildTest_default = local.testCase_buildTest_default || function (","            options,","            onError","        ) {","        /*","         * this function will test buildTest's default handling-behavior","         */","            options = {};","            local.buildTest(options, onError);","        };","","        local.testCase_webpage_default = local.testCase_webpage_default || function (","            options,","            onError","        ) {","        /*","         * this function will test webpage's default handling-behavior","         */","            options = { modeCoverageMerge: true, url: local.serverLocalHost + '?modeTest=1' };","            local.browserTest(options, onError);","        };","","        // run test-server","        local.testRunServer(local);","        break;","    }","}());",""],"l":{"12":2,"14":2,"19":2,"21":2,"23":2,"24":2,"25":2,"30":1,"37":2,"40":2,"43":1,"47":1,"50":1,"52":1,"55":2,"61":2,"62":2,"64":2,"70":1,"76":1,"82":2,"83":2,"85":2,"91":1,"98":1,"102":1,"105":1,"112":1,"119":1,"120":1,"123":1,"130":1,"131":1,"132":1,"133":1,"134":1,"135":1,"138":1,"143":2,"144":2,"147":1,"154":2,"155":2,"158":1,"165":2,"166":2,"169":1,"176":2,"177":2,"180":1,"187":1,"188":1,"192":1,"193":1}},"/home/travis/build/npmtest/node-npmtest-svg-to-png/lib.npmtest_svg_to_png.js":{"path":"/home/travis/build/npmtest/node-npmtest-svg-to-png/lib.npmtest_svg_to_png.js","s":{"1":2,"2":2,"3":2,"4":2,"5":2,"6":2,"7":2,"8":1,"9":2,"10":2,"11":2,"12":2,"13":1,"14":1,"15":1,"16":1},"b":{"1":[2,1,1,1],"2":[1,1,1,1],"3":[1,1],"4":[2,2],"5":[1,1]},"f":{"1":2,"2":2,"3":2},"fnMap":{"1":{"name":"(anonymous_1)","line":12,"loc":{"start":{"line":12,"column":1},"end":{"line":12,"column":13}}},"2":{"name":"(anonymous_2)","line":19,"loc":{"start":{"line":19,"column":5},"end":{"line":19,"column":17}}},"3":{"name":"(anonymous_3)","line":23,"loc":{"start":{"line":23,"column":24},"end":{"line":23,"column":36}}}},"statementMap":{"1":{"start":{"line":12,"column":0},"end":{"line":53,"column":5}},"2":{"start":{"line":14,"column":4},"end":{"line":14,"column":14}},"3":{"start":{"line":19,"column":4},"end":{"line":52,"column":9}},"4":{"start":{"line":21,"column":8},"end":{"line":21,"column":19}},"5":{"start":{"line":23,"column":8},"end":{"line":35,"column":13}},"6":{"start":{"line":24,"column":12},"end":{"line":34,"column":13}},"7":{"start":{"line":25,"column":16},"end":{"line":28,"column":30}},"8":{"start":{"line":30,"column":16},"end":{"line":33,"column":27}},"9":{"start":{"line":37,"column":8},"end":{"line":39,"column":21}},"10":{"start":{"line":41,"column":8},"end":{"line":41,"column":54}},"11":{"start":{"line":43,"column":8},"end":{"line":43,"column":55}},"12":{"start":{"line":45,"column":8},"end":{"line":51,"column":9}},"13":{"start":{"line":46,"column":12},"end":{"line":46,"column":61}},"14":{"start":{"line":48,"column":12},"end":{"line":48,"column":35}},"15":{"start":{"line":49,"column":12},"end":{"line":49,"column":49}},"16":{"start":{"line":50,"column":12},"end":{"line":50,"column":43}}},"branchMap":{"1":{"line":25,"type":"binary-expr","locations":[{"start":{"line":25,"column":23},"end":{"line":25,"column":62}},{"start":{"line":26,"column":20},"end":{"line":26,"column":70}},{"start":{"line":27,"column":20},"end":{"line":27,"column":71}},{"start":{"line":28,"column":20},"end":{"line":28,"column":29}}]},"2":{"line":30,"type":"binary-expr","locations":[{"start":{"line":30,"column":23},"end":{"line":30,"column":37}},{"start":{"line":31,"column":20},"end":{"line":31,"column":61}},{"start":{"line":32,"column":20},"end":{"line":32,"column":70}},{"start":{"line":33,"column":20},"end":{"line":33,"column":26}}]},"3":{"line":37,"type":"cond-expr","locations":[{"start":{"line":38,"column":14},"end":{"line":38,"column":20}},{"start":{"line":39,"column":14},"end":{"line":39,"column":20}}]},"4":{"line":41,"type":"binary-expr","locations":[{"start":{"line":41,"column":16},"end":{"line":41,"column":44}},{"start":{"line":41,"column":48},"end":{"line":41,"column":53}}]},"5":{"line":45,"type":"if","locations":[{"start":{"line":45,"column":8},"end":{"line":45,"column":8}},{"start":{"line":45,"column":8},"end":{"line":45,"column":8}}]}},"code":["/* istanbul instrument in package npmtest_svg_to_png */","/*jslint","    bitwise: true,","    browser: true,","    maxerr: 8,","    maxlen: 96,","    node: true,","    nomen: true,","    regexp: true,","    stupid: true","*/","(function () {","    'use strict';","    var local;","","","","    // run shared js-env code - init-before","    (function () {","        // init local","        local = {};","        // init modeJs","        local.modeJs = (function () {","            try {","                return typeof navigator.userAgent === 'string' &&","                    typeof document.querySelector('body') === 'object' &&","                    typeof XMLHttpRequest.prototype.open === 'function' &&","                    'browser';","            } catch (errorCaughtBrowser) {","                return module.exports &&","                    typeof process.versions.node === 'string' &&","                    typeof require('http').createServer === 'function' &&","                    'node';","            }","        }());","        // init global","        local.global = local.modeJs === 'browser'","            ? window","            : global;","        // init utility2_rollup","        local = local.global.utility2_rollup || local;","        // init lib","        local.local = local.npmtest_svg_to_png = local;","        // init exports","        if (local.modeJs === 'browser') {","            local.global.utility2_npmtest_svg_to_png = local;","        } else {","            module.exports = local;","            module.exports.__dirname = __dirname;","            module.exports.module = module;","        }","    }());","}());",""],"l":{"12":2,"14":2,"19":2,"21":2,"23":2,"24":2,"25":2,"30":1,"37":2,"41":2,"43":2,"45":2,"46":1,"48":1,"49":1,"50":1}},"/home/travis/build/npmtest/node-npmtest-svg-to-png/example.js":{"path":"/home/travis/build/npmtest/node-npmtest-svg-to-png/example.js","s":{"1":2,"2":2,"3":2,"4":2,"5":2,"6":2,"7":2,"8":1,"9":2,"10":2,"11":2,"12":2,"13":1,"14":2,"15":2,"16":2,"17":2,"18":2,"19":0,"20":2,"21":1,"22":1,"23":1,"24":1,"25":1,"26":0,"27":0,"28":1,"29":1,"30":2,"31":0,"32":0,"33":0,"34":1,"35":2,"36":2,"37":3,"38":3,"39":3,"40":3,"41":0,"42":3,"43":3,"44":3,"45":1,"46":3,"47":1,"48":1,"49":1,"50":1,"51":1,"52":1,"53":1,"54":1,"55":1,"56":1,"57":0,"58":1,"59":6,"60":6,"61":1,"62":2,"63":0,"64":2,"65":1,"66":1,"67":0,"68":0,"69":0,"70":0,"71":0,"72":0,"73":0,"74":0,"75":0,"76":0,"77":0,"78":0,"79":0,"80":0,"81":0,"82":0,"83":0},"b":{"1":[2,1,1,1],"2":[1,1,1,1],"3":[1,1],"4":[2,2],"5":[1,1],"6":[1,1],"7":[2,0],"8":[2,1,1,1,1,1],"9":[0,2,0],"10":[1,1],"11":[2,1,1],"12":[1,0],"13":[0,2],"14":[2,0,0,0,0,0,0],"15":[0,3],"16":[3,0],"17":[1,1],"18":[0,1],"19":[1,2,0,2],"20":[1,0],"21":[1,1],"22":[0,0],"23":[0,0],"24":[0,0],"25":[0,0],"26":[0,0],"27":[0,0],"28":[0,0]},"f":{"1":2,"2":2,"3":2,"4":2,"5":2,"6":2,"7":3,"8":3,"9":3,"10":1,"11":6,"12":0},"fnMap":{"1":{"name":"(anonymous_1)","line":26,"loc":{"start":{"line":26,"column":1},"end":{"line":26,"column":13}}},"2":{"name":"(anonymous_2)","line":33,"loc":{"start":{"line":33,"column":5},"end":{"line":33,"column":17}}},"3":{"name":"(anonymous_3)","line":37,"loc":{"start":{"line":37,"column":24},"end":{"line":37,"column":36}}},"4":{"name":"(anonymous_4)","line":69,"loc":{"start":{"line":69,"column":31},"end":{"line":69,"column":48}},"skip":true},"5":{"name":"(anonymous_5)","line":78,"loc":{"start":{"line":78,"column":26},"end":{"line":78,"column":45}},"skip":true},"6":{"name":"(anonymous_6)","line":123,"loc":{"start":{"line":123,"column":33},"end":{"line":123,"column":48}},"skip":true},"7":{"name":"(anonymous_7)","line":125,"loc":{"start":{"line":125,"column":27},"end":{"line":125,"column":39}},"skip":true},"8":{"name":"(anonymous_8)","line":133,"loc":{"start":{"line":133,"column":59},"end":{"line":133,"column":74}},"skip":true},"9":{"name":"(anonymous_9)","line":143,"loc":{"start":{"line":143,"column":45},"end":{"line":143,"column":62}},"skip":true},"10":{"name":"(anonymous_10)","line":144,"loc":{"start":{"line":144,"column":73},"end":{"line":144,"column":92}},"skip":true},"11":{"name":"(anonymous_11)","line":272,"loc":{"start":{"line":272,"column":51},"end":{"line":272,"column":77}},"skip":true},"12":{"name":"(anonymous_12)","line":315,"loc":{"start":{"line":315,"column":32},"end":{"line":315,"column":61}},"skip":true}},"statementMap":{"1":{"start":{"line":26,"column":0},"end":{"line":326,"column":5}},"2":{"start":{"line":28,"column":4},"end":{"line":28,"column":14}},"3":{"start":{"line":33,"column":4},"end":{"line":60,"column":9}},"4":{"start":{"line":35,"column":8},"end":{"line":35,"column":19}},"5":{"start":{"line":37,"column":8},"end":{"line":49,"column":13}},"6":{"start":{"line":38,"column":12},"end":{"line":48,"column":13}},"7":{"start":{"line":39,"column":16},"end":{"line":42,"column":30}},"8":{"start":{"line":44,"column":16},"end":{"line":47,"column":27}},"9":{"start":{"line":51,"column":8},"end":{"line":53,"column":21}},"10":{"start":{"line":55,"column":8},"end":{"line":57,"column":45}},"11":{"start":{"line":59,"column":8},"end":{"line":59,"column":35}},"12":{"start":{"line":61,"column":4},"end":{"line":325,"column":5}},"13":{"start":{"line":69,"column":8},"end":{"line":121,"column":10},"skip":true},"14":{"start":{"line":70,"column":12},"end":{"line":88,"column":13},"skip":true},"15":{"start":{"line":76,"column":16},"end":{"line":87,"column":19},"skip":true},"16":{"start":{"line":79,"column":20},"end":{"line":86,"column":21},"skip":true},"17":{"start":{"line":82,"column":24},"end":{"line":82,"column":43},"skip":true},"18":{"start":{"line":83,"column":24},"end":{"line":83,"column":30},"skip":true},"19":{"start":{"line":85,"column":24},"end":{"line":85,"column":49},"skip":true},"20":{"start":{"line":89,"column":12},"end":{"line":107,"column":13},"skip":true},"21":{"start":{"line":92,"column":16},"end":{"line":102,"column":17},"skip":true},"22":{"start":{"line":93,"column":20},"end":{"line":93,"column":86},"skip":true},"23":{"start":{"line":94,"column":20},"end":{"line":95,"column":45},"skip":true},"24":{"start":{"line":96,"column":20},"end":{"line":96,"column":42},"skip":true},"25":{"start":{"line":97,"column":20},"end":{"line":97,"column":48},"skip":true},"26":{"start":{"line":100,"column":20},"end":{"line":100,"column":85},"skip":true},"27":{"start":{"line":101,"column":20},"end":{"line":101,"column":96},"skip":true},"28":{"start":{"line":103,"column":16},"end":{"line":103,"column":22},"skip":true},"29":{"start":{"line":106,"column":16},"end":{"line":106,"column":22},"skip":true},"30":{"start":{"line":108,"column":12},"end":{"line":120,"column":13},"skip":true},"31":{"start":{"line":114,"column":16},"end":{"line":119,"column":17},"skip":true},"32":{"start":{"line":116,"column":20},"end":{"line":116,"column":78},"skip":true},"33":{"start":{"line":118,"column":20},"end":{"line":118,"column":47},"skip":true},"34":{"start":{"line":123,"column":8},"end":{"line":141,"column":11},"skip":true},"35":{"start":{"line":124,"column":12},"end":{"line":124,"column":54},"skip":true},"36":{"start":{"line":125,"column":12},"end":{"line":140,"column":14},"skip":true},"37":{"start":{"line":126,"column":16},"end":{"line":126,"column":28},"skip":true},"38":{"start":{"line":127,"column":16},"end":{"line":127,"column":69},"skip":true},"39":{"start":{"line":128,"column":16},"end":{"line":128,"column":75},"skip":true},"40":{"start":{"line":129,"column":16},"end":{"line":131,"column":17},"skip":true},"41":{"start":{"line":130,"column":20},"end":{"line":130,"column":27},"skip":true},"42":{"start":{"line":133,"column":16},"end":{"line":137,"column":36},"skip":true},"43":{"start":{"line":134,"column":20},"end":{"line":136,"column":55},"skip":true},"44":{"start":{"line":139,"column":16},"end":{"line":139,"column":57},"skip":true},"45":{"start":{"line":143,"column":8},"end":{"line":147,"column":11},"skip":true},"46":{"start":{"line":144,"column":12},"end":{"line":146,"column":15},"skip":true},"47":{"start":{"line":145,"column":16},"end":{"line":145,"column":70},"skip":true},"48":{"start":{"line":149,"column":8},"end":{"line":149,"column":31},"skip":true},"49":{"start":{"line":150,"column":8},"end":{"line":150,"column":14},"skip":true},"50":{"start":{"line":158,"column":8},"end":{"line":158,"column":31},"skip":true},"51":{"start":{"line":160,"column":8},"end":{"line":160,"column":33},"skip":true},"52":{"start":{"line":161,"column":8},"end":{"line":161,"column":37},"skip":true},"53":{"start":{"line":162,"column":8},"end":{"line":162,"column":35},"skip":true},"54":{"start":{"line":164,"column":8},"end":{"line":164,"column":50},"skip":true},"55":{"start":{"line":166,"column":8},"end":{"line":256,"column":2},"skip":true},"56":{"start":{"line":258,"column":8},"end":{"line":286,"column":9},"skip":true},"57":{"start":{"line":259,"column":12},"end":{"line":269,"column":14},"skip":true},"58":{"start":{"line":271,"column":12},"end":{"line":285,"column":19},"skip":true},"59":{"start":{"line":274,"column":20},"end":{"line":274,"column":35},"skip":true},"60":{"start":{"line":275,"column":20},"end":{"line":284,"column":21},"skip":true},"61":{"start":{"line":277,"column":24},"end":{"line":277,"column":64},"skip":true},"62":{"start":{"line":279,"column":24},"end":{"line":279,"column":40},"skip":true},"63":{"start":{"line":281,"column":24},"end":{"line":281,"column":40},"skip":true},"64":{"start":{"line":283,"column":24},"end":{"line":283,"column":39},"skip":true},"65":{"start":{"line":288,"column":8},"end":{"line":290,"column":9},"skip":true},"66":{"start":{"line":289,"column":12},"end":{"line":289,"column":18},"skip":true},"67":{"start":{"line":291,"column":8},"end":{"line":293,"column":54},"skip":true},"68":{"start":{"line":296,"column":8},"end":{"line":301,"column":37},"skip":true},"69":{"start":{"line":303,"column":8},"end":{"line":303,"column":82},"skip":true},"70":{"start":{"line":306,"column":8},"end":{"line":308,"column":9},"skip":true},"71":{"start":{"line":307,"column":12},"end":{"line":307,"column":82},"skip":true},"72":{"start":{"line":310,"column":8},"end":{"line":312,"column":9},"skip":true},"73":{"start":{"line":311,"column":12},"end":{"line":311,"column":18},"skip":true},"74":{"start":{"line":313,"column":8},"end":{"line":313,"column":54},"skip":true},"75":{"start":{"line":314,"column":8},"end":{"line":314,"column":69},"skip":true},"76":{"start":{"line":315,"column":8},"end":{"line":323,"column":36},"skip":true},"77":{"start":{"line":316,"column":12},"end":{"line":316,"column":61},"skip":true},"78":{"start":{"line":317,"column":12},"end":{"line":320,"column":13},"skip":true},"79":{"start":{"line":318,"column":16},"end":{"line":318,"column":75},"skip":true},"80":{"start":{"line":319,"column":16},"end":{"line":319,"column":23},"skip":true},"81":{"start":{"line":321,"column":12},"end":{"line":321,"column":38},"skip":true},"82":{"start":{"line":322,"column":12},"end":{"line":322,"column":27},"skip":true},"83":{"start":{"line":324,"column":8},"end":{"line":324,"column":14},"skip":true}},"branchMap":{"1":{"line":39,"type":"binary-expr","locations":[{"start":{"line":39,"column":23},"end":{"line":39,"column":62}},{"start":{"line":40,"column":20},"end":{"line":40,"column":70}},{"start":{"line":41,"column":20},"end":{"line":41,"column":71}},{"start":{"line":42,"column":20},"end":{"line":42,"column":29}}]},"2":{"line":44,"type":"binary-expr","locations":[{"start":{"line":44,"column":23},"end":{"line":44,"column":37}},{"start":{"line":45,"column":20},"end":{"line":45,"column":61}},{"start":{"line":46,"column":20},"end":{"line":46,"column":70}},{"start":{"line":47,"column":20},"end":{"line":47,"column":26}}]},"3":{"line":51,"type":"cond-expr","locations":[{"start":{"line":52,"column":14},"end":{"line":52,"column":20}},{"start":{"line":53,"column":14},"end":{"line":53,"column":20}}]},"4":{"line":55,"type":"binary-expr","locations":[{"start":{"line":55,"column":16},"end":{"line":55,"column":44}},{"start":{"line":55,"column":49},"end":{"line":57,"column":43}}]},"5":{"line":55,"type":"cond-expr","locations":[{"start":{"line":56,"column":14},"end":{"line":56,"column":54}},{"start":{"line":57,"column":14},"end":{"line":57,"column":43}}]},"6":{"line":61,"type":"switch","locations":[{"start":{"line":68,"column":4},"end":{"line":150,"column":14},"skip":true},{"start":{"line":156,"column":4},"end":{"line":324,"column":14},"skip":true}]},"7":{"line":70,"type":"if","locations":[{"start":{"line":70,"column":12},"end":{"line":70,"column":12},"skip":true},{"start":{"line":70,"column":12},"end":{"line":70,"column":12},"skip":true}]},"8":{"line":70,"type":"binary-expr","locations":[{"start":{"line":70,"column":16},"end":{"line":70,"column":22},"skip":true},{"start":{"line":70,"column":27},"end":{"line":70,"column":32},"skip":true},{"start":{"line":71,"column":20},"end":{"line":71,"column":39},"skip":true},{"start":{"line":72,"column":20},"end":{"line":72,"column":49},"skip":true},{"start":{"line":73,"column":20},"end":{"line":73,"column":58},"skip":true},{"start":{"line":74,"column":20},"end":{"line":74,"column":69},"skip":true}]},"9":{"line":79,"type":"switch","locations":[{"start":{"line":80,"column":20},"end":{"line":80,"column":33},"skip":true},{"start":{"line":81,"column":20},"end":{"line":83,"column":30},"skip":true},{"start":{"line":84,"column":20},"end":{"line":85,"column":49},"skip":true}]},"10":{"line":89,"type":"switch","locations":[{"start":{"line":90,"column":12},"end":{"line":103,"column":22},"skip":true},{"start":{"line":105,"column":12},"end":{"line":106,"column":22},"skip":true}]},"11":{"line":89,"type":"binary-expr","locations":[{"start":{"line":89,"column":20},"end":{"line":89,"column":25},"skip":true},{"start":{"line":89,"column":29},"end":{"line":89,"column":48},"skip":true},{"start":{"line":89,"column":52},"end":{"line":89,"column":74},"skip":true}]},"12":{"line":92,"type":"if","locations":[{"start":{"line":92,"column":16},"end":{"line":92,"column":16},"skip":true},{"start":{"line":92,"column":16},"end":{"line":92,"column":16},"skip":true}]},"13":{"line":108,"type":"if","locations":[{"start":{"line":108,"column":12},"end":{"line":108,"column":12},"skip":true},{"start":{"line":108,"column":12},"end":{"line":108,"column":12},"skip":true}]},"14":{"line":108,"type":"binary-expr","locations":[{"start":{"line":108,"column":16},"end":{"line":108,"column":61},"skip":true},{"start":{"line":108,"column":66},"end":{"line":108,"column":72},"skip":true},{"start":{"line":108,"column":77},"end":{"line":108,"column":82},"skip":true},{"start":{"line":109,"column":20},"end":{"line":109,"column":39},"skip":true},{"start":{"line":110,"column":20},"end":{"line":110,"column":49},"skip":true},{"start":{"line":111,"column":20},"end":{"line":111,"column":58},"skip":true},{"start":{"line":112,"column":20},"end":{"line":112,"column":68},"skip":true}]},"15":{"line":129,"type":"if","locations":[{"start":{"line":129,"column":16},"end":{"line":129,"column":16},"skip":true},{"start":{"line":129,"column":16},"end":{"line":129,"column":16},"skip":true}]},"16":{"line":134,"type":"cond-expr","locations":[{"start":{"line":135,"column":26},"end":{"line":135,"column":29},"skip":true},{"start":{"line":136,"column":26},"end":{"line":136,"column":54},"skip":true}]},"17":{"line":164,"type":"binary-expr","locations":[{"start":{"line":164,"column":27},"end":{"line":164,"column":43},"skip":true},{"start":{"line":164,"column":47},"end":{"line":164,"column":49},"skip":true}]},"18":{"line":258,"type":"if","locations":[{"start":{"line":258,"column":8},"end":{"line":258,"column":8},"skip":true},{"start":{"line":258,"column":8},"end":{"line":258,"column":8},"skip":true}]},"19":{"line":275,"type":"switch","locations":[{"start":{"line":276,"column":20},"end":{"line":277,"column":64},"skip":true},{"start":{"line":278,"column":20},"end":{"line":279,"column":40},"skip":true},{"start":{"line":280,"column":20},"end":{"line":281,"column":40},"skip":true},{"start":{"line":282,"column":20},"end":{"line":283,"column":39},"skip":true}]},"20":{"line":288,"type":"if","locations":[{"start":{"line":288,"column":8},"end":{"line":288,"column":8},"skip":true},{"start":{"line":288,"column":8},"end":{"line":288,"column":8},"skip":true}]},"21":{"line":288,"type":"binary-expr","locations":[{"start":{"line":288,"column":12},"end":{"line":288,"column":40},"skip":true},{"start":{"line":288,"column":44},"end":{"line":288,"column":67},"skip":true}]},"22":{"line":292,"type":"binary-expr","locations":[{"start":{"line":292,"column":12},"end":{"line":292,"column":50},"skip":true},{"start":{"line":293,"column":12},"end":{"line":293,"column":53},"skip":true}]},"23":{"line":297,"type":"binary-expr","locations":[{"start":{"line":297,"column":12},"end":{"line":297,"column":68},"skip":true},{"start":{"line":298,"column":12},"end":{"line":301,"column":36},"skip":true}]},"24":{"line":303,"type":"binary-expr","locations":[{"start":{"line":303,"column":43},"end":{"line":303,"column":75},"skip":true},{"start":{"line":303,"column":79},"end":{"line":303,"column":81},"skip":true}]},"25":{"line":306,"type":"if","locations":[{"start":{"line":306,"column":8},"end":{"line":306,"column":8},"skip":true},{"start":{"line":306,"column":8},"end":{"line":306,"column":8},"skip":true}]},"26":{"line":310,"type":"if","locations":[{"start":{"line":310,"column":8},"end":{"line":310,"column":8},"skip":true},{"start":{"line":310,"column":8},"end":{"line":310,"column":8},"skip":true}]},"27":{"line":313,"type":"binary-expr","locations":[{"start":{"line":313,"column":27},"end":{"line":313,"column":43},"skip":true},{"start":{"line":313,"column":47},"end":{"line":313,"column":53},"skip":true}]},"28":{"line":317,"type":"if","locations":[{"start":{"line":317,"column":12},"end":{"line":317,"column":12},"skip":true},{"start":{"line":317,"column":12},"end":{"line":317,"column":12},"skip":true}]}},"code":["/*","example.js","","quickstart example","","instruction","    1. save this script as example.js","    2. run the shell command:","        $ npm install npmtest-svg-to-png && PORT=8081 node example.js","    3. play with the browser-demo on http://127.0.0.1:8081","*/","","","","/* istanbul instrument in package npmtest_svg_to_png */","/*jslint","    bitwise: true,","    browser: true,","    maxerr: 8,","    maxlen: 96,","    node: true,","    nomen: true,","    regexp: true,","    stupid: true","*/","(function () {","    'use strict';","    var local;","","","","    // run shared js-env code - init-before","    (function () {","        // init local","        local = {};","        // init modeJs","        local.modeJs = (function () {","            try {","                return typeof navigator.userAgent === 'string' &&","                    typeof document.querySelector('body') === 'object' &&","                    typeof XMLHttpRequest.prototype.open === 'function' &&","                    'browser';","            } catch (errorCaughtBrowser) {","                return module.exports &&","                    typeof process.versions.node === 'string' &&","                    typeof require('http').createServer === 'function' &&","                    'node';","            }","        }());","        // init global","        local.global = local.modeJs === 'browser'","            ? window","            : global;","        // init utility2_rollup","        local = local.global.utility2_rollup || (local.modeJs === 'browser'","            ? local.global.utility2_npmtest_svg_to_png","            : global.utility2_moduleExports);","        // export local","        local.global.local = local;","    }());","    switch (local.modeJs) {","","","","    // init-after","    // run browser js-env code - init-after","    /* istanbul ignore next */","    case 'browser':","        local.testRunBrowser = function (event) {","            if (!event || (event &&","                    event.currentTarget &&","                    event.currentTarget.className &&","                    event.currentTarget.className.includes &&","                    event.currentTarget.className.includes('onreset'))) {","                // reset output","                Array.from(","                    document.querySelectorAll('body > .resettable')","                ).forEach(function (element) {","                    switch (element.tagName) {","                    case 'INPUT':","                    case 'TEXTAREA':","                        element.value = '';","                        break;","                    default:","                        element.textContent = '';","                    }","                });","            }","            switch (event && event.currentTarget && event.currentTarget.id) {","            case 'testRunButton1':","                // show tests","                if (document.querySelector('#testReportDiv1').style.display === 'none') {","                    document.querySelector('#testReportDiv1').style.display = 'block';","                    document.querySelector('#testRunButton1').textContent =","                        'hide internal test';","                    local.modeTest = true;","                    local.testRunDefault(local);","                // hide tests","                } else {","                    document.querySelector('#testReportDiv1').style.display = 'none';","                    document.querySelector('#testRunButton1').textContent = 'run internal test';","                }","                break;","            // custom-case","            default:","                break;","            }","            if (document.querySelector('#inputTextareaEval1') && (!event || (event &&","                    event.currentTarget &&","                    event.currentTarget.className &&","                    event.currentTarget.className.includes &&","                    event.currentTarget.className.includes('oneval')))) {","                // try to eval input-code","                try {","                    /*jslint evil: true*/","                    eval(document.querySelector('#inputTextareaEval1').value);","                } catch (errorCaught) {","                    console.error(errorCaught);","                }","            }","        };","        // log stderr and stdout to #outputTextareaStdout1","        ['error', 'log'].forEach(function (key) {","            console[key + '_original'] = console[key];","            console[key] = function () {","                var element;","                console[key + '_original'].apply(console, arguments);","                element = document.querySelector('#outputTextareaStdout1');","                if (!element) {","                    return;","                }","                // append text to #outputTextareaStdout1","                element.value += Array.from(arguments).map(function (arg) {","                    return typeof arg === 'string'","                        ? arg","                        : JSON.stringify(arg, null, 4);","                }).join(' ') + '\\n';","                // scroll textarea to bottom","                element.scrollTop = element.scrollHeight;","            };","        });","        // init event-handling","        ['change', 'click', 'keyup'].forEach(function (event) {","            Array.from(document.querySelectorAll('.on' + event)).forEach(function (element) {","                element.addEventListener(event, local.testRunBrowser);","            });","        });","        // run tests","        local.testRunBrowser();","        break;","","","","    // run node js-env code - init-after","    /* istanbul ignore next */","    case 'node':","        // export local","        module.exports = local;","        // require modules","        local.fs = require('fs');","        local.http = require('http');","        local.url = require('url');","        // init assets","        local.assetsDict = local.assetsDict || {};","        /* jslint-ignore-begin */","        local.assetsDict['/assets.index.template.html'] = '\\","<!doctype html>\\n\\","<html lang=\"en\">\\n\\","<head>\\n\\","<meta charset=\"UTF-8\">\\n\\","<meta name=\"viewport\" content=\"width=device-width, initial-scale=1\">\\n\\","<title>{{env.npm_package_name}} (v{{env.npm_package_version}})</title>\\n\\","<style>\\n\\","/*csslint\\n\\","    box-sizing: false,\\n\\","    universal-selector: false\\n\\","*/\\n\\","* {\\n\\","    box-sizing: border-box;\\n\\","}\\n\\","body {\\n\\","    background: #dde;\\n\\","    font-family: Arial, Helvetica, sans-serif;\\n\\","    margin: 2rem;\\n\\","}\\n\\","body > * {\\n\\","    margin-bottom: 1rem;\\n\\","}\\n\\",".utility2FooterDiv {\\n\\","    margin-top: 20px;\\n\\","    text-align: center;\\n\\","}\\n\\","</style>\\n\\","<style>\\n\\","/*csslint\\n\\","*/\\n\\","textarea {\\n\\","    font-family: monospace;\\n\\","    height: 10rem;\\n\\","    width: 100%;\\n\\","}\\n\\","textarea[readonly] {\\n\\","    background: #ddd;\\n\\","}\\n\\","</style>\\n\\","</head>\\n\\","<body>\\n\\","<!-- utility2-comment\\n\\","<div id=\"ajaxProgressDiv1\" style=\"background: #d00; height: 2px; left: 0; margin: 0; padding: 0; position: fixed; top: 0; transition: background 0.5s, width 1.5s; width: 25%;\"></div>\\n\\","utility2-comment -->\\n\\","<h1>\\n\\","<!-- utility2-comment\\n\\","    <a\\n\\","        {{#if env.npm_package_homepage}}\\n\\","        href=\"{{env.npm_package_homepage}}\"\\n\\","        {{/if env.npm_package_homepage}}\\n\\","        target=\"_blank\"\\n\\","    >\\n\\","utility2-comment -->\\n\\","        {{env.npm_package_name}} (v{{env.npm_package_version}})\\n\\","<!-- utility2-comment\\n\\","    </a>\\n\\","utility2-comment -->\\n\\","</h1>\\n\\","<h3>{{env.npm_package_description}}</h3>\\n\\","<!-- utility2-comment\\n\\","<h4><a download href=\"assets.app.js\">download standalone app</a></h4>\\n\\","<button class=\"onclick onreset\" id=\"testRunButton1\">run internal test</button><br>\\n\\","<div id=\"testReportDiv1\" style=\"display: none;\"></div>\\n\\","utility2-comment -->\\n\\","\\n\\","\\n\\","\\n\\","<label>stderr and stdout</label>\\n\\","<textarea class=\"resettable\" id=\"outputTextareaStdout1\" readonly></textarea>\\n\\","<!-- utility2-comment\\n\\","{{#if isRollup}}\\n\\","<script src=\"assets.app.js\"></script>\\n\\","{{#unless isRollup}}\\n\\","utility2-comment -->\\n\\","<script src=\"assets.utility2.rollup.js\"></script>\\n\\","<script src=\"jsonp.utility2._stateInit?callback=window.utility2._stateInit\"></script>\\n\\","<script src=\"assets.npmtest_svg_to_png.rollup.js\"></script>\\n\\","<script src=\"assets.example.js\"></script>\\n\\","<script src=\"assets.test.js\"></script>\\n\\","<!-- utility2-comment\\n\\","{{/if isRollup}}\\n\\","utility2-comment -->\\n\\","<div class=\"utility2FooterDiv\">\\n\\","    [ this app was created with\\n\\","    <a href=\"https://github.com/kaizhu256/node-utility2\" target=\"_blank\">utility2</a>\\n\\","    ]\\n\\","</div>\\n\\","</body>\\n\\","</html>\\n\\","';","        /* jslint-ignore-end */","        if (local.templateRender) {","            local.assetsDict['/'] = local.templateRender(","                local.assetsDict['/assets.index.template.html'],","                {","                    env: local.objectSetDefault(local.env, {","                        npm_package_description: 'the greatest app in the world!',","                        npm_package_name: 'my-app',","                        npm_package_nameAlias: 'my_app',","                        npm_package_version: '0.0.1'","                    })","                }","            );","        } else {","            local.assetsDict['/'] = local.assetsDict['/assets.index.template.html']","                .replace((/\\{\\{env\\.(\\w+?)\\}\\}/g), function (match0, match1) {","                    // jslint-hack","                    String(match0);","                    switch (match1) {","                    case 'npm_package_description':","                        return 'the greatest app in the world!';","                    case 'npm_package_name':","                        return 'my-app';","                    case 'npm_package_nameAlias':","                        return 'my_app';","                    case 'npm_package_version':","                        return '0.0.1';","                    }","                });","        }","        // run the cli","        if (local.global.utility2_rollup || module !== require.main) {","            break;","        }","        local.assetsDict['/assets.example.js'] =","            local.assetsDict['/assets.example.js'] ||","            local.fs.readFileSync(__filename, 'utf8');","        // bug-workaround - long $npm_package_buildCustomOrg","        /* jslint-ignore-begin */","        local.assetsDict['/assets.npmtest_svg_to_png.rollup.js'] =","            local.assetsDict['/assets.npmtest_svg_to_png.rollup.js'] ||","            local.fs.readFileSync(","                local.npmtest_svg_to_png.__dirname + '/lib.npmtest_svg_to_png.js',","                'utf8'","            ).replace((/^#!/), '//');","        /* jslint-ignore-end */","        local.assetsDict['/favicon.ico'] = local.assetsDict['/favicon.ico'] || '';","        // if $npm_config_timeout_exit exists,","        // then exit this process after $npm_config_timeout_exit ms","        if (Number(process.env.npm_config_timeout_exit)) {","            setTimeout(process.exit, Number(process.env.npm_config_timeout_exit));","        }","        // start server","        if (local.global.utility2_serverHttp1) {","            break;","        }","        process.env.PORT = process.env.PORT || '8081';","        console.error('server starting on port ' + process.env.PORT);","        local.http.createServer(function (request, response) {","            request.urlParsed = local.url.parse(request.url);","            if (local.assetsDict[request.urlParsed.pathname] !== undefined) {","                response.end(local.assetsDict[request.urlParsed.pathname]);","                return;","            }","            response.statusCode = 404;","            response.end();","        }).listen(process.env.PORT);","        break;","    }","}());",""],"l":{"26":2,"28":2,"33":2,"35":2,"37":2,"38":2,"39":2,"44":1,"51":2,"55":2,"59":2,"61":2,"69":1,"70":2,"76":2,"79":2,"82":2,"83":2,"85":1,"89":2,"92":1,"93":1,"94":1,"96":1,"97":1,"100":1,"101":1,"103":1,"106":1,"108":2,"114":1,"116":1,"118":1,"123":1,"124":2,"125":2,"126":3,"127":3,"128":3,"129":3,"130":1,"133":3,"134":3,"139":3,"143":1,"144":3,"145":1,"149":1,"150":1,"158":1,"160":1,"161":1,"162":1,"164":1,"166":1,"258":1,"259":1,"271":1,"274":6,"275":6,"277":1,"279":2,"281":1,"283":2,"288":1,"289":1,"291":1,"296":1,"303":1,"306":1,"307":1,"310":1,"311":1,"313":1,"314":1,"315":1,"316":1,"317":1,"318":1,"319":1,"321":1,"322":1,"324":1}},"/home/travis/build/npmtest/node-npmtest-svg-to-png/node_modules/svg-to-png/lib/svg-to-png.js":{"path":"/home/travis/build/npmtest/node-npmtest-svg-to-png/node_modules/svg-to-png/lib/svg-to-png.js","s":{"1":1,"2":1,"3":1,"4":1,"5":1,"6":1,"7":0,"8":1,"9":1,"10":1,"11":1,"12":1,"13":0,"14":0,"15":0,"16":0,"17":0,"18":0,"19":0,"20":0,"21":0,"22":1,"23":0,"24":0,"25":0,"26":0,"27":0,"28":0,"29":0,"30":0,"31":0,"32":0,"33":0,"34":0,"35":0,"36":0,"37":0,"38":0,"39":0,"40":0,"41":1,"42":0,"43":0,"44":0,"45":0,"46":0,"47":0,"48":0,"49":0,"50":0,"51":0,"52":0,"53":0,"54":0,"55":0,"56":0,"57":0,"58":0,"59":0,"60":0,"61":0,"62":0,"63":0,"64":0,"65":0,"66":0,"67":0},"b":{"1":[0,0],"2":[0,0],"3":[0,0],"4":[0,0],"5":[0,0],"6":[0,0],"7":[0,0],"8":[0,0],"9":[0,0],"10":[0,0],"11":[0,0,0],"12":[0,0],"13":[0,0,0],"14":[0,0],"15":[0,0],"16":[0,0],"17":[0,0],"18":[0,0],"19":[0,0],"20":[0,0],"21":[1,1,0]},"f":{"1":1,"2":0,"3":0,"4":0,"5":0,"6":0,"7":0,"8":0,"9":0,"10":0,"11":0},"fnMap":{"1":{"name":"(anonymous_1)","line":12,"loc":{"start":{"line":12,"column":1},"end":{"line":12,"column":19}}},"2":{"name":"(anonymous_2)","line":32,"loc":{"start":{"line":32,"column":25},"end":{"line":32,"column":59}}},"3":{"name":"(anonymous_3)","line":33,"loc":{"start":{"line":33,"column":26},"end":{"line":33,"column":51}}},"4":{"name":"(anonymous_4)","line":43,"loc":{"start":{"line":43,"column":4},"end":{"line":43,"column":33}}},"5":{"name":"(anonymous_5)","line":59,"loc":{"start":{"line":59,"column":23},"end":{"line":59,"column":57}}},"6":{"name":"(anonymous_6)","line":65,"loc":{"start":{"line":65,"column":26},"end":{"line":65,"column":51}}},"7":{"name":"(anonymous_7)","line":75,"loc":{"start":{"line":75,"column":4},"end":{"line":75,"column":33}}},"8":{"name":"(anonymous_8)","line":92,"loc":{"start":{"line":92,"column":19},"end":{"line":92,"column":41}}},"9":{"name":"(anonymous_9)","line":105,"loc":{"start":{"line":105,"column":19},"end":{"line":105,"column":50}}},"10":{"name":"(anonymous_10)","line":110,"loc":{"start":{"line":110,"column":40},"end":{"line":110,"column":56}}},"11":{"name":"(anonymous_11)","line":121,"loc":{"start":{"line":121,"column":20},"end":{"line":121,"column":36}}}},"statementMap":{"1":{"start":{"line":12,"column":0},"end":{"line":157,"column":51}},"2":{"start":{"line":16,"column":1},"end":{"line":16,"column":26}},"3":{"start":{"line":17,"column":1},"end":{"line":17,"column":26}},"4":{"start":{"line":18,"column":1},"end":{"line":18,"column":30}},"5":{"start":{"line":20,"column":1},"end":{"line":24,"column":2}},"6":{"start":{"line":21,"column":2},"end":{"line":21,"column":37}},"7":{"start":{"line":23,"column":2},"end":{"line":23,"column":34}},"8":{"start":{"line":26,"column":1},"end":{"line":26,"column":32}},"9":{"start":{"line":27,"column":1},"end":{"line":27,"column":56}},"10":{"start":{"line":28,"column":1},"end":{"line":28,"column":62}},"11":{"start":{"line":29,"column":1},"end":{"line":29,"column":50}},"12":{"start":{"line":32,"column":1},"end":{"line":57,"column":3}},"13":{"start":{"line":33,"column":2},"end":{"line":56,"column":6}},"14":{"start":{"line":34,"column":3},"end":{"line":54,"column":7}},"15":{"start":{"line":44,"column":5},"end":{"line":53,"column":6}},"16":{"start":{"line":45,"column":6},"end":{"line":45,"column":62}},"17":{"start":{"line":46,"column":6},"end":{"line":48,"column":7}},"18":{"start":{"line":47,"column":7},"end":{"line":47,"column":29}},"19":{"start":{"line":49,"column":6},"end":{"line":49,"column":20}},"20":{"start":{"line":51,"column":6},"end":{"line":51,"column":28}},"21":{"start":{"line":52,"column":6},"end":{"line":52,"column":27}},"22":{"start":{"line":59,"column":1},"end":{"line":103,"column":3}},"23":{"start":{"line":60,"column":2},"end":{"line":62,"column":3}},"24":{"start":{"line":61,"column":3},"end":{"line":61,"column":49}},"25":{"start":{"line":64,"column":2},"end":{"line":64,"column":80}},"26":{"start":{"line":65,"column":2},"end":{"line":102,"column":6}},"27":{"start":{"line":66,"column":3},"end":{"line":100,"column":7}},"28":{"start":{"line":76,"column":5},"end":{"line":99,"column":6}},"29":{"start":{"line":77,"column":6},"end":{"line":77,"column":62}},"30":{"start":{"line":78,"column":6},"end":{"line":80,"column":7}},"31":{"start":{"line":79,"column":7},"end":{"line":79,"column":29}},"32":{"start":{"line":81,"column":6},"end":{"line":81,"column":20}},"33":{"start":{"line":83,"column":6},"end":{"line":83,"column":28}},"34":{"start":{"line":84,"column":6},"end":{"line":84,"column":24}},"35":{"start":{"line":85,"column":6},"end":{"line":85,"column":59}},"36":{"start":{"line":87,"column":6},"end":{"line":90,"column":37}},"37":{"start":{"line":92,"column":6},"end":{"line":98,"column":9}},"38":{"start":{"line":93,"column":7},"end":{"line":95,"column":8}},"39":{"start":{"line":94,"column":8},"end":{"line":94,"column":20}},"40":{"start":{"line":97,"column":7},"end":{"line":97,"column":22}},"41":{"start":{"line":105,"column":1},"end":{"line":155,"column":3}},"42":{"start":{"line":106,"column":2},"end":{"line":106,"column":20}},"43":{"start":{"line":108,"column":2},"end":{"line":108,"column":12}},"44":{"start":{"line":109,"column":2},"end":{"line":119,"column":3}},"45":{"start":{"line":110,"column":3},"end":{"line":112,"column":6}},"46":{"start":{"line":111,"column":4},"end":{"line":111,"column":36}},"47":{"start":{"line":113,"column":9},"end":{"line":119,"column":3}},"48":{"start":{"line":114,"column":3},"end":{"line":114,"column":21}},"49":{"start":{"line":115,"column":9},"end":{"line":119,"column":3}},"50":{"start":{"line":116,"column":3},"end":{"line":116,"column":17}},"51":{"start":{"line":118,"column":3},"end":{"line":118,"column":83}},"52":{"start":{"line":121,"column":2},"end":{"line":125,"column":3}},"53":{"start":{"line":122,"column":3},"end":{"line":122,"column":40}},"54":{"start":{"line":124,"column":3},"end":{"line":124,"column":115}},"55":{"start":{"line":127,"column":2},"end":{"line":129,"column":3}},"56":{"start":{"line":128,"column":3},"end":{"line":128,"column":115}},"57":{"start":{"line":131,"column":2},"end":{"line":133,"column":3}},"58":{"start":{"line":132,"column":3},"end":{"line":132,"column":67}},"59":{"start":{"line":136,"column":2},"end":{"line":138,"column":3}},"60":{"start":{"line":137,"column":3},"end":{"line":137,"column":31}},"61":{"start":{"line":140,"column":2},"end":{"line":142,"column":3}},"62":{"start":{"line":141,"column":3},"end":{"line":141,"column":32}},"63":{"start":{"line":145,"column":2},"end":{"line":145,"column":56}},"64":{"start":{"line":146,"column":2},"end":{"line":146,"column":53}},"65":{"start":{"line":148,"column":2},"end":{"line":152,"column":3}},"66":{"start":{"line":149,"column":3},"end":{"line":149,"column":49}},"67":{"start":{"line":151,"column":3},"end":{"line":151,"column":51}}},"branchMap":{"1":{"line":44,"type":"if","locations":[{"start":{"line":44,"column":5},"end":{"line":44,"column":5}},{"start":{"line":44,"column":5},"end":{"line":44,"column":5}}]},"2":{"line":46,"type":"if","locations":[{"start":{"line":46,"column":6},"end":{"line":46,"column":6}},{"start":{"line":46,"column":6},"end":{"line":46,"column":6}}]},"3":{"line":60,"type":"if","locations":[{"start":{"line":60,"column":2},"end":{"line":60,"column":2}},{"start":{"line":60,"column":2},"end":{"line":60,"column":2}}]},"4":{"line":76,"type":"if","locations":[{"start":{"line":76,"column":5},"end":{"line":76,"column":5}},{"start":{"line":76,"column":5},"end":{"line":76,"column":5}}]},"5":{"line":78,"type":"if","locations":[{"start":{"line":78,"column":6},"end":{"line":78,"column":6}},{"start":{"line":78,"column":6},"end":{"line":78,"column":6}}]},"6":{"line":84,"type":"binary-expr","locations":[{"start":{"line":84,"column":13},"end":{"line":84,"column":17}},{"start":{"line":84,"column":21},"end":{"line":84,"column":23}}]},"7":{"line":85,"type":"binary-expr","locations":[{"start":{"line":85,"column":31},"end":{"line":85,"column":53}},{"start":{"line":85,"column":57},"end":{"line":85,"column":58}}]},"8":{"line":93,"type":"if","locations":[{"start":{"line":93,"column":7},"end":{"line":93,"column":7}},{"start":{"line":93,"column":7},"end":{"line":93,"column":7}}]},"9":{"line":106,"type":"binary-expr","locations":[{"start":{"line":106,"column":9},"end":{"line":106,"column":13}},{"start":{"line":106,"column":17},"end":{"line":106,"column":19}}]},"10":{"line":109,"type":"if","locations":[{"start":{"line":109,"column":2},"end":{"line":109,"column":2}},{"start":{"line":109,"column":2},"end":{"line":109,"column":2}}]},"11":{"line":109,"type":"binary-expr","locations":[{"start":{"line":109,"column":6},"end":{"line":109,"column":31}},{"start":{"line":109,"column":35},"end":{"line":109,"column":57}},{"start":{"line":109,"column":61},"end":{"line":109,"column":96}}]},"12":{"line":113,"type":"if","locations":[{"start":{"line":113,"column":9},"end":{"line":113,"column":9}},{"start":{"line":113,"column":9},"end":{"line":113,"column":9}}]},"13":{"line":113,"type":"binary-expr","locations":[{"start":{"line":113,"column":13},"end":{"line":113,"column":38}},{"start":{"line":113,"column":42},"end":{"line":113,"column":64}},{"start":{"line":113,"column":68},"end":{"line":113,"column":98}}]},"14":{"line":115,"type":"if","locations":[{"start":{"line":115,"column":9},"end":{"line":115,"column":9}},{"start":{"line":115,"column":9},"end":{"line":115,"column":9}}]},"15":{"line":121,"type":"if","locations":[{"start":{"line":121,"column":2},"end":{"line":121,"column":2}},{"start":{"line":121,"column":2},"end":{"line":121,"column":2}}]},"16":{"line":127,"type":"if","locations":[{"start":{"line":127,"column":2},"end":{"line":127,"column":2}},{"start":{"line":127,"column":2},"end":{"line":127,"column":2}}]},"17":{"line":131,"type":"if","locations":[{"start":{"line":131,"column":2},"end":{"line":131,"column":2}},{"start":{"line":131,"column":2},"end":{"line":131,"column":2}}]},"18":{"line":136,"type":"if","locations":[{"start":{"line":136,"column":2},"end":{"line":136,"column":2}},{"start":{"line":136,"column":2},"end":{"line":136,"column":2}}]},"19":{"line":140,"type":"if","locations":[{"start":{"line":140,"column":2},"end":{"line":140,"column":2}},{"start":{"line":140,"column":2},"end":{"line":140,"column":2}}]},"20":{"line":148,"type":"if","locations":[{"start":{"line":148,"column":2},"end":{"line":148,"column":2}},{"start":{"line":148,"column":2},"end":{"line":148,"column":2}}]},"21":{"line":157,"type":"binary-expr","locations":[{"start":{"line":157,"column":2},"end":{"line":157,"column":29}},{"start":{"line":157,"column":33},"end":{"line":157,"column":40}},{"start":{"line":157,"column":44},"end":{"line":157,"column":48}}]}},"code":["/*"," * svg-to-png"," * https://github.com/filamentgroup/svg-to-png"," *"," * Copyright (c) 2013 Jeffrey Lembeck/Filament Group"," * Licensed under the MIT license."," */","","/*global require:true*/","/*global __dirname:true*/","/*global console:true*/","(function(exports) {","","\t\"use strict\";","","\tvar os = require( 'os' );","\tvar fs = require( 'fs' );","\tvar path = require( 'path' );","","\ttry {","\t\tvar Imagemin = require('imagemin');","\t} catch(e) {","\t\tvar imageminNotInstalled = true;","\t}","","\tvar RSVP = require( './rsvp' );","\tvar phantomJsPath = require('phantomjs-prebuilt').path;","\tvar phantomfile = path.join( __dirname, 'phantomscript.js' );","\tvar execFile = require('child_process').execFile;","","","\tvar convertNoCompress = function( files, outputDir, opts ){","\t\treturn new RSVP.Promise(function(resolve, reject){","\t\t\texecFile( phantomJsPath,","\t\t\t\t[","\t\t\t\t\tphantomfile,","\t\t\t\t\tJSON.stringify(files),","\t\t\t\t\toutputDir,","\t\t\t\t\topts.defaultWidth,","\t\t\t\t\topts.defaultHeight","\t\t\t\t],","","\t\t\t\tfunction(err, stdout, stderr){","\t\t\t\t\tif( err ){","\t\t\t\t\t\tconsole.log(\"\\nSomething went wrong with phantomjs...\");","\t\t\t\t\t\tif( stderr ){","\t\t\t\t\t\t\tconsole.log( stderr );","\t\t\t\t\t\t}","\t\t\t\t\t\treject( err );","\t\t\t\t\t} else {","\t\t\t\t\t\tconsole.log( stdout );","\t\t\t\t\t\tresolve( outputDir );","\t\t\t\t\t}","\t\t\t\t});","","\t\t\t});","\t};","","\tvar convertCompress = function( files, outputDir, opts ){","\t\tif( imageminNotInstalled ){","\t\t\tthrow \"Imagemin dependency is not installed.\";","\t\t}","","\t\tvar tempDir = path.join( os.tmpdir(), \"svg-to-png\" + (new Date()).getTime() );","\t\treturn new RSVP.Promise(function(resolve, reject){","\t\t\texecFile( phantomJsPath,","\t\t\t\t[","\t\t\t\t\tphantomfile,","\t\t\t\t\tJSON.stringify(files),","\t\t\t\t\ttempDir,","\t\t\t\t\topts.defaultWidth,","\t\t\t\t\topts.defaultHeight","\t\t\t\t],","","\t\t\t\tfunction(err, stdout, stderr){","\t\t\t\t\tif( err ){","\t\t\t\t\t\tconsole.log(\"\\nSomething went wrong with phantomjs...\");","\t\t\t\t\t\tif( stderr ){","\t\t\t\t\t\t\tconsole.log( stderr );","\t\t\t\t\t\t}","\t\t\t\t\t\treject( err );","\t\t\t\t\t} else {","\t\t\t\t\t\tconsole.log( stdout );","\t\t\t\t\t\topts = opts || {};","\t\t\t\t\t\topts.optimizationLevel = opts.optimizationLevel || 3;","","\t\t\t\t\t\tvar imagemin = new Imagemin()","\t\t\t\t\t\t\t\t.src( tempDir + '/*.{gif,jpg,png,svg}' )","\t\t\t\t\t\t\t\t.dest(outputDir)","\t\t\t\t\t\t\t\t.use(Imagemin.optipng(opts));","","\t\t\t\t\t\timagemin.run(function (err, files) {","\t\t\t\t\t\t\tif (err) {","\t\t\t\t\t\t\t\treject(err);","\t\t\t\t\t\t\t}","","\t\t\t\t\t\t\tresolve(files);","\t\t\t\t\t\t});","\t\t\t\t\t}","\t\t\t\t});","","\t\t\t});","\t};","","\texports.convert = function( input, output, opts ){","\t\topts = opts || {};","","\t\tvar files;","\t\tif( typeof input === \"string\" && fs.existsSync( input ) && fs.lstatSync( input ).isDirectory()){","\t\t\tfiles = fs.readdirSync( input ).map( function( file ){","\t\t\t\treturn path.join( input, file );","\t\t\t});","\t\t} else if( typeof input === \"string\" && fs.existsSync( input ) && fs.lstatSync( input ).isFile() ) {","\t\t\tfiles = [ input ];","\t\t} else if( Array.isArray( input ) ){","\t\t\tfiles = input;","\t\t} else {","\t\t\tthrow new Error( \"Input must be Array of files or String that is a directory\" );","\t\t}","","\t\tif( !files.every( function( file ){","\t\t\treturn path.extname(file) === \".svg\";","\t\t})){","\t\t\tthrow new Error( \"All files passed into svg-to-png must be SVG files, that includes all files in a directory\" );","\t\t}","","\t\tif( !files.length ){","\t\t\tthrow new Error( \"Input must be Array of SVG files or String that is a directory that contains some of those\" );","\t\t}","","\t\tif( typeof output !== \"string\" ){","\t\t\tthrow new Error( \"Output folder must be defined and a String\" );","\t\t}","","","\t\tif( !opts.defaultWidth ){","\t\t\topts.defaultWidth = \"400px\";","\t\t}","","\t\tif( !opts.defaultHeight ){","\t\t\topts.defaultHeight = \"300px\";","\t\t}","","\t\t// take it to phantomjs to do the rest","\t\tconsole.log( \"svg-to-png now spawning phantomjs...\" );","\t\tconsole.log('(using path: ' + phantomJsPath + ')');","","\t\tif( opts.compress ){","\t\t\treturn convertCompress( files, output, opts );","\t\t} else {","\t\t\treturn convertNoCompress( files, output, opts );","\t\t}","","","\t};","","}(typeof exports === 'object' && exports || this));",""],"l":{"12":1,"16":1,"17":1,"18":1,"20":1,"21":1,"23":0,"26":1,"27":1,"28":1,"29":1,"32":1,"33":0,"34":0,"44":0,"45":0,"46":0,"47":0,"49":0,"51":0,"52":0,"59":1,"60":0,"61":0,"64":0,"65":0,"66":0,"76":0,"77":0,"78":0,"79":0,"81":0,"83":0,"84":0,"85":0,"87":0,"92":0,"93":0,"94":0,"97":0,"105":1,"106":0,"108":0,"109":0,"110":0,"111":0,"113":0,"114":0,"115":0,"116":0,"118":0,"121":0,"122":0,"124":0,"127":0,"128":0,"131":0,"132":0,"136":0,"137":0,"140":0,"141":0,"145":0,"146":0,"148":0,"149":0,"151":0}},"/home/travis/build/npmtest/node-npmtest-svg-to-png/node_modules/svg-to-png/lib/rsvp.js":{"path":"/home/travis/build/npmtest/node-npmtest-svg-to-png/node_modules/svg-to-png/lib/rsvp.js","s":{"1":1,"2":1,"3":0,"4":1,"5":0,"6":1,"7":0,"8":1,"9":1,"10":0,"11":0,"12":1,"13":1,"14":1,"15":0,"16":1,"17":1,"18":0,"19":0,"20":0,"21":0,"22":0,"23":0,"24":1,"25":0,"26":0,"27":0,"28":0,"29":1,"30":0,"31":0,"32":0,"33":0,"34":1,"35":1,"36":1,"37":1,"38":1,"39":1,"40":0,"41":0,"42":0,"43":0,"44":0,"45":0,"46":0,"47":0,"48":0,"49":0,"50":0,"51":0,"52":0,"53":0,"54":0,"55":0,"56":0,"57":0,"58":0,"59":1,"60":1,"61":1,"62":0,"63":0,"64":0,"65":0,"66":0,"67":0,"68":1,"69":1,"70":0,"71":0,"72":0,"73":0,"74":0,"75":0,"76":0,"77":0,"78":0,"79":0,"80":0,"81":1,"82":0,"83":0,"84":1,"85":1,"86":0,"87":1,"88":1,"89":1,"90":1,"91":1,"92":1,"93":0,"94":0,"95":0,"96":0,"97":1,"98":0,"99":0,"100":0,"101":1,"102":0,"103":0,"104":0,"105":0,"106":0,"107":0,"108":0,"109":0,"110":0,"111":0,"112":0,"113":0,"114":0,"115":0,"116":0,"117":0,"118":1,"119":0,"120":0,"121":0,"122":0,"123":0,"124":0,"125":0,"126":0,"127":0,"128":0,"129":1,"130":0,"131":0,"132":0,"133":0,"134":0,"135":0,"136":0,"137":0,"138":0,"139":0,"140":1,"141":0,"142":0,"143":0,"144":0,"145":0,"146":1,"147":0,"148":0,"149":0,"150":1,"151":0,"152":0,"153":0,"154":0,"155":0,"156":0,"157":0,"158":0,"159":1,"160":0,"161":0,"162":0,"163":0,"164":0,"165":1,"166":0,"167":0,"168":0,"169":0,"170":0,"171":0,"172":0,"173":0,"174":1,"175":0,"176":0,"177":0,"178":0,"179":0,"180":0,"181":0,"182":0,"183":0,"184":0,"185":0,"186":0,"187":0,"188":0,"189":1,"190":2,"191":1,"192":1,"193":0,"194":0,"195":0,"196":0,"197":1,"198":0,"199":0,"200":0,"201":0,"202":0,"203":0,"204":0,"205":0,"206":0,"207":0,"208":0,"209":0,"210":0,"211":0,"212":0,"213":0,"214":0,"215":0,"216":0,"217":0,"218":0,"219":0,"220":1,"221":0,"222":0,"223":0,"224":0,"225":0,"226":0,"227":0,"228":0,"229":0,"230":0,"231":0,"232":0,"233":1,"234":0,"235":0,"236":0,"237":1,"238":0,"239":0,"240":0,"241":0,"242":0,"243":0,"244":0,"245":0,"246":0,"247":0,"248":0,"249":0,"250":0,"251":0,"252":0,"253":1,"254":1,"255":0,"256":1,"257":0,"258":1,"259":0,"260":1,"261":0,"262":0,"263":0,"264":0,"265":0,"266":1,"267":0,"268":0,"269":0,"270":0,"271":0,"272":0,"273":0,"274":0,"275":1,"276":0,"277":0,"278":0,"279":0,"280":0,"281":0,"282":0,"283":0,"284":1,"285":0,"286":1,"287":0,"288":0,"289":0,"290":0,"291":1,"292":0,"293":1,"294":1,"295":0,"296":0,"297":0,"298":0,"299":0,"300":0,"301":1,"302":0,"303":1,"304":0,"305":0,"306":0,"307":0,"308":1,"309":1,"310":0,"311":0,"312":0,"313":0,"314":0,"315":0,"316":1,"317":1,"318":0,"319":0,"320":0,"321":0,"322":1,"323":1,"324":1,"325":1,"326":0,"327":1,"328":0,"329":1,"330":0,"331":0,"332":0,"333":0,"334":0,"335":0,"336":0,"337":0,"338":0,"339":0,"340":0,"341":0,"342":0,"343":1,"344":1,"345":1,"346":1,"347":1,"348":1,"349":1,"350":0,"351":0,"352":0,"353":0,"354":0,"355":0,"356":0,"357":0,"358":0,"359":0,"360":0,"361":0,"362":0,"363":0,"364":0,"365":0,"366":0,"367":0,"368":0,"369":0,"370":0,"371":0,"372":0,"373":0,"374":0,"375":0,"376":0,"377":0,"378":1,"379":0,"380":1,"381":1,"382":1,"383":1,"384":0,"385":1,"386":0,"387":1,"388":1,"389":0,"390":1,"391":1,"392":1,"393":1,"394":1,"395":0,"396":0,"397":0,"398":0,"399":0,"400":1,"401":1,"402":1,"403":1,"404":1,"405":1,"406":1,"407":1,"408":1,"409":1,"410":0,"411":1,"412":0,"413":1,"414":0,"415":0,"416":1,"417":0,"418":0,"419":0,"420":0,"421":0,"422":0,"423":1,"424":0,"425":0,"426":0,"427":0,"428":1,"429":0,"430":0,"431":1,"432":1,"433":0,"434":0,"435":0,"436":0,"437":0,"438":0,"439":0,"440":1,"441":0,"442":0,"443":0,"444":0,"445":0,"446":0,"447":1,"448":1,"449":1,"450":0,"451":0,"452":0,"453":0,"454":0,"455":0,"456":0,"457":1,"458":0,"459":0,"460":0,"461":0,"462":0,"463":1,"464":1,"465":0,"466":0,"467":0,"468":0,"469":0,"470":0,"471":0,"472":0,"473":0,"474":0,"475":0,"476":0,"477":0,"478":0,"479":0,"480":0,"481":1,"482":1,"483":0,"484":1,"485":1,"486":1,"487":1,"488":0,"489":1,"490":0,"491":1,"492":0,"493":1,"494":0,"495":0,"496":0,"497":0,"498":0,"499":0,"500":0,"501":0,"502":0,"503":0,"504":0,"505":0,"506":1,"507":0,"508":1,"509":1,"510":1,"511":1,"512":0,"513":1,"514":0,"515":1,"516":1,"517":0,"518":1,"519":1,"520":0,"521":0,"522":0,"523":0,"524":0,"525":0,"526":0,"527":0,"528":1,"529":1,"530":2,"531":1,"532":1,"533":1,"534":0,"535":0,"536":0,"537":0,"538":1,"539":0,"540":0,"541":0,"542":0,"543":1,"544":0,"545":0,"546":0,"547":0,"548":0,"549":0,"550":0,"551":0,"552":0,"553":0,"554":0,"555":1,"556":0,"557":0,"558":0,"559":0,"560":0,"561":1,"562":0,"563":0,"564":1,"565":0,"566":0,"567":0,"568":0,"569":0,"570":0,"571":0,"572":0,"573":0,"574":0,"575":0,"576":0,"577":0,"578":0,"579":0,"580":0,"581":0,"582":0,"583":0,"584":0,"585":0,"586":0,"587":0,"588":0,"589":0,"590":0,"591":0,"592":0,"593":0,"594":0,"595":0,"596":0,"597":0,"598":1,"599":1,"600":0,"601":0,"602":0,"603":0,"604":1,"605":0,"606":0,"607":0,"608":0,"609":0,"610":1,"611":0,"612":0,"613":0,"614":0,"615":0,"616":1,"617":0,"618":1,"619":1,"620":0,"621":1,"622":1,"623":0,"624":1,"625":1,"626":0,"627":0,"628":0,"629":1,"630":1,"631":1,"632":1,"633":0,"634":1,"635":0,"636":1,"637":0,"638":1,"639":0,"640":0,"641":0,"642":0,"643":0,"644":1,"645":1,"646":0,"647":0,"648":1,"649":1,"650":0,"651":0},"b":{"1":[0,0,0],"2":[0,0],"3":[0,1],"4":[1,0],"5":[1,0],"6":[0,0],"7":[0,0],"8":[0,0],"9":[0,0],"10":[0,0],"11":[0,0],"12":[0,0],"13":[0,0],"14":[0,0],"15":[0,0],"16":[0,0],"17":[0,0],"18":[0,0],"19":[0,0],"20":[0,0],"21":[0,0],"22":[0,0],"23":[0,0],"24":[0,0],"25":[0,0],"26":[0,0],"27":[0,0],"28":[0,0],"29":[0,0],"30":[0,0],"31":[0,0],"32":[0,0],"33":[0,0],"34":[0,0],"35":[0,0],"36":[0,0],"37":[0,0],"38":[0,0],"39":[0,0],"40":[0,0],"41":[0,0],"42":[0,0],"43":[0,0],"44":[0,0],"45":[0,0],"46":[0,0],"47":[0,0],"48":[0,0],"49":[0,0],"50":[0,0],"51":[0,0],"52":[0,0],"53":[0,0],"54":[0,0],"55":[0,0],"56":[0,0],"57":[0,0],"58":[0,0],"59":[0,0],"60":[0,0],"61":[0,0],"62":[0,0],"63":[0,0],"64":[0,0],"65":[0,0],"66":[0,0],"67":[0,0],"68":[0,0],"69":[0,0],"70":[0,0],"71":[0,0],"72":[0,0],"73":[0,0],"74":[0,0,0],"75":[0,0],"76":[0,0],"77":[0,0],"78":[0,0],"79":[0,0],"80":[0,0],"81":[0,0,0,0],"82":[0,0],"83":[0,0],"84":[0,0],"85":[0,0],"86":[0,1],"87":[1,1],"88":[1,1],"89":[1,1],"90":[1,1,0],"91":[0,1],"92":[1,1,0],"93":[0,0],"94":[1,0],"95":[0,0],"96":[0,0],"97":[0,0],"98":[0,0],"99":[0,0],"100":[0,0],"101":[0,0],"102":[0,0],"103":[0,0],"104":[0,0],"105":[0,0],"106":[0,0],"107":[0,0],"108":[0,0],"109":[0,0],"110":[0,0],"111":[0,0],"112":[0,0],"113":[0,0],"114":[0,0],"115":[0,0],"116":[0,0],"117":[0,0],"118":[0,0],"119":[0,0],"120":[0,1],"121":[1,0],"122":[0,0],"123":[0,1],"124":[1,0],"125":[1,0],"126":[1,1],"127":[0,0]},"f":{"1":1,"2":0,"3":0,"4":0,"5":0,"6":0,"7":0,"8":0,"9":0,"10":0,"11":1,"12":0,"13":0,"14":0,"15":0,"16":0,"17":0,"18":0,"19":0,"20":0,"21":0,"22":0,"23":0,"24":0,"25":0,"26":0,"27":0,"28":0,"29":0,"30":0,"31":0,"32":0,"33":0,"34":0,"35":0,"36":0,"37":2,"38":0,"39":0,"40":0,"41":0,"42":0,"43":0,"44":0,"45":0,"46":0,"47":0,"48":0,"49":0,"50":0,"51":0,"52":0,"53":0,"54":0,"55":0,"56":0,"57":0,"58":0,"59":0,"60":0,"61":0,"62":0,"63":0,"64":0,"65":0,"66":0,"67":0,"68":0,"69":0,"70":0,"71":0,"72":0,"73":0,"74":0,"75":0,"76":0,"77":0,"78":0,"79":0,"80":1,"81":0,"82":0,"83":0,"84":0,"85":0,"86":0,"87":0,"88":0,"89":0,"90":0,"91":0,"92":0,"93":0,"94":0,"95":0,"96":0,"97":0,"98":0,"99":0,"100":0,"101":0,"102":0,"103":0,"104":0,"105":0,"106":0,"107":0,"108":2,"109":0,"110":0,"111":0,"112":0,"113":0,"114":0,"115":0,"116":0,"117":0,"118":0,"119":0,"120":0,"121":0,"122":0,"123":0,"124":0,"125":0,"126":0,"127":0,"128":0,"129":0,"130":0},"fnMap":{"1":{"name":"(anonymous_1)","line":9,"loc":{"start":{"line":9,"column":1},"end":{"line":9,"column":12}}},"2":{"name":"lib$rsvp$utils$$objectOrFunction","line":11,"loc":{"start":{"line":11,"column":4},"end":{"line":11,"column":49}}},"3":{"name":"lib$rsvp$utils$$isFunction","line":15,"loc":{"start":{"line":15,"column":4},"end":{"line":15,"column":43}}},"4":{"name":"lib$rsvp$utils$$isMaybeThenable","line":19,"loc":{"start":{"line":19,"column":4},"end":{"line":19,"column":48}}},"5":{"name":"(anonymous_5)","line":25,"loc":{"start":{"line":25,"column":33},"end":{"line":25,"column":46}}},"6":{"name":"(anonymous_6)","line":34,"loc":{"start":{"line":34,"column":42},"end":{"line":34,"column":53}}},"7":{"name":"lib$rsvp$utils$$F","line":36,"loc":{"start":{"line":36,"column":4},"end":{"line":36,"column":33}}},"8":{"name":"(anonymous_8)","line":38,"loc":{"start":{"line":38,"column":53},"end":{"line":38,"column":66}}},"9":{"name":"lib$rsvp$events$$indexOf","line":48,"loc":{"start":{"line":48,"column":4},"end":{"line":48,"column":59}}},"10":{"name":"lib$rsvp$events$$callbacksFor","line":56,"loc":{"start":{"line":56,"column":4},"end":{"line":56,"column":51}}},"11":{"name":"(anonymous_11)","line":110,"loc":{"start":{"line":110,"column":15},"end":{"line":110,"column":32}}},"12":{"name":"(anonymous_12)","line":135,"loc":{"start":{"line":135,"column":12},"end":{"line":135,"column":42}}},"13":{"name":"(anonymous_13)","line":188,"loc":{"start":{"line":188,"column":13},"end":{"line":188,"column":43}}},"14":{"name":"(anonymous_14)","line":233,"loc":{"start":{"line":233,"column":17},"end":{"line":233,"column":46}}},"15":{"name":"lib$rsvp$config$$configure","line":253,"loc":{"start":{"line":253,"column":4},"end":{"line":253,"column":53}}},"16":{"name":"lib$rsvp$instrument$$scheduleFlush","line":271,"loc":{"start":{"line":271,"column":4},"end":{"line":271,"column":50}}},"17":{"name":"(anonymous_17)","line":272,"loc":{"start":{"line":272,"column":17},"end":{"line":272,"column":28}}},"18":{"name":"lib$rsvp$instrument$$instrument","line":291,"loc":{"start":{"line":291,"column":4},"end":{"line":291,"column":72}}},"19":{"name":"lib$rsvp$$internal$$withOwnPromise","line":309,"loc":{"start":{"line":309,"column":4},"end":{"line":309,"column":51}}},"20":{"name":"lib$rsvp$$internal$$noop","line":313,"loc":{"start":{"line":313,"column":4},"end":{"line":313,"column":40}}},"21":{"name":"lib$rsvp$$internal$$getThen","line":321,"loc":{"start":{"line":321,"column":4},"end":{"line":321,"column":50}}},"22":{"name":"lib$rsvp$$internal$$tryThen","line":330,"loc":{"start":{"line":330,"column":4},"end":{"line":330,"column":92}}},"23":{"name":"lib$rsvp$$internal$$handleForeignThenable","line":338,"loc":{"start":{"line":338,"column":4},"end":{"line":338,"column":80}}},"24":{"name":"(anonymous_24)","line":339,"loc":{"start":{"line":339,"column":36},"end":{"line":339,"column":54}}},"25":{"name":"(anonymous_25)","line":341,"loc":{"start":{"line":341,"column":64},"end":{"line":341,"column":80}}},"26":{"name":"(anonymous_26)","line":349,"loc":{"start":{"line":349,"column":11},"end":{"line":349,"column":28}}},"27":{"name":"lib$rsvp$$internal$$handleOwnThenable","line":363,"loc":{"start":{"line":363,"column":4},"end":{"line":363,"column":70}}},"28":{"name":"(anonymous_28)","line":370,"loc":{"start":{"line":370,"column":59},"end":{"line":370,"column":75}}},"29":{"name":"(anonymous_29)","line":376,"loc":{"start":{"line":376,"column":11},"end":{"line":376,"column":28}}},"30":{"name":"lib$rsvp$$internal$$handleMaybeThenable","line":382,"loc":{"start":{"line":382,"column":4},"end":{"line":382,"column":77}}},"31":{"name":"lib$rsvp$$internal$$resolve","line":400,"loc":{"start":{"line":400,"column":4},"end":{"line":400,"column":57}}},"32":{"name":"lib$rsvp$$internal$$publishRejection","line":410,"loc":{"start":{"line":410,"column":4},"end":{"line":410,"column":59}}},"33":{"name":"lib$rsvp$$internal$$fulfill","line":418,"loc":{"start":{"line":418,"column":4},"end":{"line":418,"column":57}}},"34":{"name":"lib$rsvp$$internal$$reject","line":433,"loc":{"start":{"line":433,"column":4},"end":{"line":433,"column":57}}},"35":{"name":"lib$rsvp$$internal$$subscribe","line":440,"loc":{"start":{"line":440,"column":4},"end":{"line":440,"column":86}}},"36":{"name":"lib$rsvp$$internal$$publish","line":455,"loc":{"start":{"line":455,"column":4},"end":{"line":455,"column":50}}},"37":{"name":"lib$rsvp$$internal$$ErrorObject","line":481,"loc":{"start":{"line":481,"column":4},"end":{"line":481,"column":47}}},"38":{"name":"lib$rsvp$$internal$$tryCatch","line":487,"loc":{"start":{"line":487,"column":4},"end":{"line":487,"column":60}}},"39":{"name":"lib$rsvp$$internal$$invokeCallback","line":496,"loc":{"start":{"line":496,"column":4},"end":{"line":496,"column":84}}},"40":{"name":"lib$rsvp$$internal$$initializePromise","line":534,"loc":{"start":{"line":534,"column":4},"end":{"line":534,"column":70}}},"41":{"name":"resolvePromise","line":537,"loc":{"start":{"line":537,"column":17},"end":{"line":537,"column":47}}},"42":{"name":"rejectPromise","line":541,"loc":{"start":{"line":541,"column":11},"end":{"line":541,"column":42}}},"43":{"name":"lib$rsvp$enumerator$$makeSettledResult","line":551,"loc":{"start":{"line":551,"column":4},"end":{"line":551,"column":76}}},"44":{"name":"lib$rsvp$enumerator$$Enumerator","line":565,"loc":{"start":{"line":565,"column":4},"end":{"line":565,"column":87}}},"45":{"name":"(anonymous_45)","line":593,"loc":{"start":{"line":593,"column":63},"end":{"line":593,"column":79}}},"46":{"name":"(anonymous_46)","line":597,"loc":{"start":{"line":597,"column":65},"end":{"line":597,"column":76}}},"47":{"name":"(anonymous_47)","line":601,"loc":{"start":{"line":601,"column":54},"end":{"line":601,"column":65}}},"48":{"name":"(anonymous_48)","line":605,"loc":{"start":{"line":605,"column":59},"end":{"line":605,"column":70}}},"49":{"name":"(anonymous_49)","line":615,"loc":{"start":{"line":615,"column":59},"end":{"line":615,"column":78}}},"50":{"name":"(anonymous_50)","line":630,"loc":{"start":{"line":630,"column":59},"end":{"line":630,"column":85}}},"51":{"name":"(anonymous_51)","line":648,"loc":{"start":{"line":648,"column":60},"end":{"line":648,"column":86}}},"52":{"name":"(anonymous_52)","line":652,"loc":{"start":{"line":652,"column":62},"end":{"line":652,"column":83}}},"53":{"name":"(anonymous_53)","line":655,"loc":{"start":{"line":655,"column":56},"end":{"line":655,"column":72}}},"54":{"name":"(anonymous_54)","line":657,"loc":{"start":{"line":657,"column":9},"end":{"line":657,"column":26}}},"55":{"name":"lib$r
[...]
guration.","\tgrunt.initConfig({","\t\tnodeunit: {","\t\t\tfiles: ['test/*_test.js']","\t\t},","\t\tqunit: {","\t\t\tfiles: ['test/phantom/index.html']","\t\t},","\t\tjshint: {","\t\t\toptions: {","\t\t\t\tjshintrc: '.jshintrc'","\t\t\t},","\t\t\tgruntfile: {","\t\t\t\tsrc: 'Gruntfile.js'","\t\t\t},","\t\t\tlib: {","\t\t\t\tsrc: ['lib/**/*.js', '!lib/rsvp.js']","\t\t\t},","\t\t\ttest: {","\t\t\t\tsrc: ['test/**/*.js', '!test/phantom/vendor/*.js', '!test/phantom/phantomtest.js']","\t\t\t},","\t\t},","\t\twatch: {","\t\t\tgruntfile: {","\t\t\t\tfiles: '<%= jshint.gruntfile.src %>',","\t\t\t\ttasks: ['jshint:gruntfile']","\t\t\t},","\t\t\tlib: {","\t\t\t\tfiles: '<%= jshint.lib.src %>',","\t\t\t\ttasks: ['jshint:lib', 'nodeunit']","\t\t\t},","\t\t\ttest: {","\t\t\t\tfiles: '<%= jshint.test.src %>',","\t\t\t\ttasks: ['jshint:test', 'nodeunit']","\t\t\t},","\t\t},","\t});","","\t// These plugins provide necessary tasks.","\tgrunt.loadNpmTasks('grunt-contrib-nodeunit');","\tgrunt.loadNpmTasks('grunt-contrib-qunit');","\tgrunt.loadNpmTasks('grunt-contrib-jshint');","\tgrunt.loadNpmTasks('grunt-contrib-watch');","","\tgrunt.task.registerTask( 'phantom-unit', 'A task to run the phantom tests', function(){","\t\tvar done = this.async();","\t\tvar phantomUnit = require( 'phantom-unit' );","\t\tphantomUnit.test( \"test/phantom/processing-file_test.js\", function(){","\t\t\tdone();","\t\t});","\t});","","\t// Default task.","\tgrunt.registerTask('default', ['jshint', 'nodeunit', 'phantom-unit']);","","};",""],"l":{"4":1,"7":0,"45":0,"46":0,"47":0,"48":0,"50":0,"51":0,"52":0,"53":0,"54":0,"59":0}},"/home/travis/build/npmtest/node-npmtest-svg-to-png/node_modules/svg-to-png/lib/phantomscript.js":{"path":"/home/travis/build/npmtest/node-npmtest-svg-to-png/node_modules/svg-to-png/lib/phantomscript.js","s":{"1":2,"2":2,"3":0,"4":0,"5":0,"6":0,"7":0,"8":0,"9":0,"10":0,"11":0,"12":0,"13":0,"14":0,"15":0,"16":0,"17":0,"18":0,"19":0,"20":0,"21":0,"22":0,"23":0},"b":{"1":[0,0],"2":[0,0],"3":[0,0],"4":[0,0],"5":[0,0],"6":[0,0]},"f":{"1":2,"2":0,"3":0,"4":0,"5":0,"6":0,"7":0},"fnMap":{"1":{"name":"(anonymous_1)","line":20,"loc":{"start":{"line":20,"column":1},"end":{"line":20,"column":11}}},"2":{"name":"(anonymous_2)","line":26,"loc":{"start":{"line":26,"column":19},"end":{"line":26,"column":40}}},"3":{"name":"(anonymous_3)","line":30,"loc":{"start":{"line":30,"column":17},"end":{"line":30,"column":29}}},"4":{"name":"(anonymous_4)","line":41,"loc":{"start":{"line":41,"column":18},"end":{"line":41,"column":35}}},"5":{"name":"(anonymous_5)","line":63,"loc":{"start":{"line":63,"column":40},"end":{"line":63,"column":56}}},"6":{"name":"(anonymous_6)","line":69,"loc":{"start":{"line":69,"column":8},"end":{"line":69,"column":18}}},"7":{"name":"(anonymous_7)","line":72,"loc":{"start":{"line":72,"column":8},"end":{"line":72,"column":21}}}},"statementMap":{"1":{"start":{"line":20,"column":0},"end":{"line":75,"column":5}},"2":{"start":{"line":23,"column":1},"end":{"line":23,"column":32}},"3":{"start":{"line":24,"column":1},"end":{"line":24,"column":26}},"4":{"start":{"line":26,"column":1},"end":{"line":36,"column":3}},"5":{"start":{"line":27,"column":2},"end":{"line":27,"column":43}},"6":{"start":{"line":28,"column":2},"end":{"line":33,"column":3}},"7":{"start":{"line":29,"column":3},"end":{"line":29,"column":27}},"8":{"start":{"line":30,"column":3},"end":{"line":32,"column":6}},"9":{"start":{"line":31,"column":4},"end":{"line":31,"column":125}},"10":{"start":{"line":34,"column":2},"end":{"line":34,"column":45}},"11":{"start":{"line":35,"column":2},"end":{"line":35,"column":18}},"12":{"start":{"line":38,"column":1},"end":{"line":38,"column":30}},"13":{"start":{"line":39,"column":1},"end":{"line":39,"column":40}},"14":{"start":{"line":41,"column":1},"end":{"line":43,"column":4}},"15":{"start":{"line":42,"column":2},"end":{"line":42,"column":28}},"16":{"start":{"line":46,"column":1},"end":{"line":56,"column":3}},"17":{"start":{"line":58,"column":1},"end":{"line":60,"column":2}},"18":{"start":{"line":59,"column":2},"end":{"line":59,"column":31}},"19":{"start":{"line":63,"column":1},"end":{"line":65,"column":4}},"20":{"start":{"line":64,"column":2},"end":{"line":64,"column":48}},"21":{"start":{"line":68,"column":1},"end":{"line":74,"column":4}},"22":{"start":{"line":70,"column":2},"end":{"line":70,"column":17}},"23":{"start":{"line":73,"column":2},"end":{"line":73,"column":25}}},"branchMap":{"1":{"line":28,"type":"if","locations":[{"start":{"line":28,"column":2},"end":{"line":28,"column":2}},{"start":{"line":28,"column":2},"end":{"line":28,"column":2}}]},"2":{"line":28,"type":"binary-expr","locations":[{"start":{"line":28,"column":6},"end":{"line":28,"column":11}},{"start":{"line":28,"column":15},"end":{"line":28,"column":27}}]},"3":{"line":31,"type":"binary-expr","locations":[{"start":{"line":31,"column":28},"end":{"line":31,"column":34}},{"start":{"line":31,"column":38},"end":{"line":31,"column":49}}]},"4":{"line":31,"type":"cond-expr","locations":[{"start":{"line":31,"column":83},"end":{"line":31,"column":117}},{"start":{"line":31,"column":120},"end":{"line":31,"column":122}}]},"5":{"line":46,"type":"cond-expr","locations":[{"start":{"line":46,"column":56},"end":{"line":51,"column":2}},{"start":{"line":51,"column":5},"end":{"line":56,"column":2}}]},"6":{"line":58,"type":"if","locations":[{"start":{"line":58,"column":1},"end":{"line":58,"column":1}},{"start":{"line":58,"column":1},"end":{"line":58,"column":1}}]}},"code":["/*"," * grunticon"," * https://github.com/filamentgroup/grunticon"," *"," * Copyright (c) 2012 Scott Jehl, Filament Group, Inc"," * Licensed under the MIT license."," */","","/*global phantom:true*/","/*global require:true*/","","/*","phantom args sent from grunticon.js:","\t[0] - input directory path","\t[1] - output directory path","\t[2] - default width","\t[3] - default height","*/","","(function(){","\t\"use strict\";","","\tvar system = require(\"system\");","\tvar fs = require( \"fs\" );","","\tphantom.onError = function(msg, trace) {","\t\tvar msgStack = ['PHANTOM ERROR: ' + msg];","\t\tif (trace && trace.length) {","\t\t\tmsgStack.push('TRACE:');","\t\t\ttrace.forEach(function(t) {","\t\t\t\tmsgStack.push(' -> ' + (t.file || t.sourceURL) + ': ' + t.line + (t.function ? ' (in function ' + t.function +')' : ''));","\t\t\t});","\t\t}","\t\tsystem.stderr.write( msgStack.join('\\n') );","\t\tphantom.exit(1);","\t};","","\tvar RSVP = require('./rsvp');","\tvar processor = require('./processor');","","\tRSVP.on('error', function(reason) {","\t\tthrow new Error( reason );","\t});","","\t// alternate syntax for PhantomJS 2.x (system.args) / 1.x (phantom.args)","\tvar options = (typeof(phantom.args) === \"undefined\") ? {","\t\tinputFiles: JSON.parse(system.args[1]),","\t\tdest: system.args[2],","\t\tdefaultWidth: system.args[3],","\t\tdefaultHeight: system.args[4]","\t} : {","\t\tinputFiles: JSON.parse(phantom.args[0]),","\t\tdest: phantom.args[1],","\t\tdefaultWidth: phantom.args[2],","\t\tdefaultHeight: phantom.args[3]","\t};","","\tif( !options.dest.match( fs.separator + '$' ) ){","\t\toptions.dest += fs.separator;","\t}","","","\tvar promises = options.inputFiles.map( function( file ){","\t\treturn processor.processFile( file, options );","\t});","","","\tRSVP.all( promises )","\t.then( function(){","\t\tphantom.exit();","\t})","\t.catch(function(err){","\t\tthrow new Error( err );","\t});","})();",""],"l":{"20":2,"23":2,"24":0,"26":0,"27":0,"28":0,"29":0,"30":0,"31":0,"34":0,"35":0,"38":0,"39":0,"41":0,"42":0,"46":0,"58":0,"59":0,"63":0,"64":0,"68":0,"70":0,"73":0}},"/home/travis/build/npmtest/node-npmtest-svg-to-png/node_modules/svg-to-png/lib/processing-file.js":{"path":"/home/travis/build/npmtest/node-npmtest-svg-to-png/node_modules/svg-to-png/lib/processing-file.js","s":{"1":1,"2":1,"3":1,"4":0,"5":0,"6":0,"7":0,"8":0,"9":0,"10":0,"11":1,"12":0,"13":1},"b":{"1":[0,0],"2":[0,0]},"f":{"1":1,"2":0,"3":0},"fnMap":{"1":{"name":"(anonymous_1)","line":4,"loc":{"start":{"line":4,"column":1},"end":{"line":4,"column":11}}},"2":{"name":"(anonymous_2)","line":10,"loc":{"start":{"line":10,"column":13},"end":{"line":10,"column":33}}},"3":{"name":"(anonymous_3)","line":22,"loc":{"start":{"line":22,"column":32},"end":{"line":22,"column":42}}}},"statementMap":{"1":{"start":{"line":4,"column":0},"end":{"line":29,"column":5}},"2":{"start":{"line":7,"column":1},"end":{"line":7,"column":26}},"3":{"start":{"line":10,"column":1},"end":{"line":20,"column":3}},"4":{"start":{"line":11,"column":2},"end":{"line":12,"column":41}},"5":{"start":{"line":13,"column":2},"end":{"line":13,"column":29}},"6":{"start":{"line":14,"column":2},"end":{"line":14,"column":43}},"7":{"start":{"line":15,"column":2},"end":{"line":15,"column":65}},"8":{"start":{"line":16,"column":2},"end":{"line":18,"column":3}},"9":{"start":{"line":17,"column":3},"end":{"line":17,"column":86}},"10":{"start":{"line":19,"column":2},"end":{"line":19,"column":62}},"11":{"start":{"line":22,"column":1},"end":{"line":24,"column":3}},"12":{"start":{"line":23,"column":2},"end":{"line":23,"column":80}},"13":{"start":{"line":27,"column":1},"end":{"line":27,"column":24}}},"branchMap":{"1":{"line":16,"type":"if","locations":[{"start":{"line":16,"column":2},"end":{"line":16,"column":2}},{"start":{"line":16,"column":2},"end":{"line":16,"column":2}}]},"2":{"line":23,"type":"binary-expr","locations":[{"start":{"line":23,"column":19},"end":{"line":23,"column":73}},{"start":{"line":23,"column":77},"end":{"line":23,"column":79}}]}},"code":["/* Runs in phantom */","/*global module:true*/","/*global require:true*/","(function(){","\t\"use strict\";","","\tvar fs = require( 'fs' );","","","\tvar Gfile = function( filename ){","\t\tvar svgRegex = /\\.svg$/i,","\t\t\tfArr = filename.split( fs.separator );","\t\tthis.filename = fArr.pop();","\t\tthis.pathdir = fArr.join( fs.separator );","\t\tthis.uri = \"file:///\" + fArr.join( \"/\" ) + \"/\" + this.filename;","\t\tif( !fs.exists( this.pathdir + fs.separator + this.filename ) ){","\t\t\tthrow new Error( this.pathdir + fs.separator + this.filename + \" does not exist\" );","\t\t}","\t\tthis.filenamenoext = this.filename.replace( svgRegex , \"\" );","\t};","","\tGfile.prototype.setImageData = function(){","\t\tthis.imagedata = fs.read( this.pathdir + fs.separator + this.filename ) || \"\";","\t};","","","\tmodule.exports = Gfile;","","}());",""],"l":{"4":1,"7":1,"10":1,"11":0,"13":0,"14":0,"15":0,"16":0,"17":0,"19":0,"22":1,"23":0,"27":1}},"/home/travis/build/npmtest/node-npmtest-svg-to-png/node_modules/svg-to-png/lib/processor.js":{"path":"/home/travis/build/npmtest/node-npmtest-svg-to-png/node_modules/svg-to-png/lib/processor.js","s":{"1":1,"2":1,"3":1,"4":1,"5":1,"6":0,"7":0,"8":0,"9":0,"10":0,"11":0,"12":0,"13":0,"14":0,"15":0,"16":0,"17":0,"18":0,"19":0,"20":0,"21":0,"22":1,"23":0,"24":0,"25":0,"26":0,"27":0,"28":0,"29":0,"30":0,"31":0,"32":0,"33":0,"34":1,"35":0,"36":0,"37":0,"38":0,"39":0,"40":0,"41":0,"42":0,"43":0,"44":0,"45":0,"46":0,"47":0,"48":0},"b":{"1":[0,0],"2":[0,0],"3":[0,0],"4":[1,1,0]},"f":{"1":1,"2":0,"3":0,"4":0,"5":0,"6":0,"7":0,"8":0,"9":0,"10":0,"11":0},"fnMap":{"1":{"name":"(anonymous_1)","line":4,"loc":{"start":{"line":4,"column":1},"end":{"line":4,"column":19}}},"2":{"name":"(anonymous_2)","line":21,"loc":{"start":{"line":21,"column":20},"end":{"line":21,"column":41}}},"3":{"name":"(anonymous_3)","line":23,"loc":{"start":{"line":23,"column":26},"end":{"line":23,"column":43}}},"4":{"name":"(anonymous_4)","line":53,"loc":{"start":{"line":53,"column":18},"end":{"line":53,"column":39}}},"5":{"name":"(anonymous_5)","line":62,"loc":{"start":{"line":62,"column":26},"end":{"line":62,"column":51}}},"6":{"name":"(anonymous_6)","line":63,"loc":{"start":{"line":63,"column":25},"end":{"line":63,"column":43}}},"7":{"name":"(anonymous_7)","line":83,"loc":{"start":{"line":83,"column":23},"end":{"line":83,"column":47}}},"8":{"name":"(anonymous_8)","line":86,"loc":{"start":{"line":86,"column":26},"end":{"line":86,"column":53}}},"9":{"name":"(anonymous_9)","line":97,"loc":{"start":{"line":97,"column":10},"end":{"line":97,"column":26}}},"10":{"name":"(anonymous_10)","line":104,"loc":{"start":{"line":104,"column":10},"end":{"line":104,"column":20}}},"11":{"name":"(anonymous_11)","line":107,"loc":{"start":{"line":107,"column":11},"end":{"line":107,"column":24}}}},"statementMap":{"1":{"start":{"line":4,"column":0},"end":{"line":113,"column":51}},"2":{"start":{"line":6,"column":1},"end":{"line":6,"column":26}},"3":{"start":{"line":8,"column":1},"end":{"line":8,"column":30}},"4":{"start":{"line":9,"column":1},"end":{"line":9,"column":53}},"5":{"start":{"line":21,"column":1},"end":{"line":49,"column":3}},"6":{"start":{"line":23,"column":2},"end":{"line":48,"column":5}},"7":{"start":{"line":25,"column":3},"end":{"line":26,"column":14}},"8":{"start":{"line":29,"column":3},"end":{"line":29,"column":53}},"9":{"start":{"line":30,"column":3},"end":{"line":30,"column":30}},"10":{"start":{"line":31,"column":3},"end":{"line":31,"column":45}},"11":{"start":{"line":32,"column":3},"end":{"line":32,"column":29}},"12":{"start":{"line":33,"column":3},"end":{"line":33,"column":47}},"13":{"start":{"line":34,"column":3},"end":{"line":34,"column":49}},"14":{"start":{"line":35,"column":3},"end":{"line":39,"column":4}},"15":{"start":{"line":36,"column":4},"end":{"line":36,"column":45}},"16":{"start":{"line":38,"column":4},"end":{"line":38,"column":32}},"17":{"start":{"line":40,"column":3},"end":{"line":44,"column":4}},"18":{"start":{"line":41,"column":4},"end":{"line":41,"column":47}},"19":{"start":{"line":43,"column":4},"end":{"line":43,"column":34}},"20":{"start":{"line":45,"column":3},"end":{"line":45,"column":21}},"21":{"start":{"line":47,"column":3},"end":{"line":47,"column":19}},"22":{"start":{"line":53,"column":1},"end":{"line":74,"column":3}},"23":{"start":{"line":55,"column":2},"end":{"line":55,"column":43}},"24":{"start":{"line":57,"column":2},"end":{"line":57,"column":45}},"25":{"start":{"line":58,"column":2},"end":{"line":58,"column":63}},"26":{"start":{"line":60,"column":2},"end":{"line":60,"column":92}},"27":{"start":{"line":62,"column":2},"end":{"line":73,"column":5}},"28":{"start":{"line":63,"column":3},"end":{"line":72,"column":6}},"29":{"start":{"line":64,"column":4},"end":{"line":71,"column":5}},"30":{"start":{"line":66,"column":5},"end":{"line":66,"column":37}},"31":{"start":{"line":67,"column":5},"end":{"line":67,"column":51}},"32":{"start":{"line":68,"column":5},"end":{"line":68,"column":29}},"33":{"start":{"line":70,"column":5},"end":{"line":70,"column":125}},"34":{"start":{"line":83,"column":1},"end":{"line":112,"column":3}},"35":{"start":{"line":84,"column":2},"end":{"line":84,"column":18}},"36":{"start":{"line":86,"column":2},"end":{"line":110,"column":5}},"37":{"start":{"line":87,"column":3},"end":{"line":87,"column":13}},"38":{"start":{"line":89,"column":3},"end":{"line":94,"column":4}},"39":{"start":{"line":90,"column":4},"end":{"line":90,"column":43}},"40":{"start":{"line":91,"column":4},"end":{"line":91,"column":25}},"41":{"start":{"line":93,"column":4},"end":{"line":93,"column":16}},"42":{"start":{"line":96,"column":3},"end":{"line":109,"column":6}},"43":{"start":{"line":98,"column":4},"end":{"line":98,"column":29}},"44":{"start":{"line":99,"column":4},"end":{"line":99,"column":31}},"45":{"start":{"line":100,"column":4},"end":{"line":100,"column":27}},"46":{"start":{"line":102,"column":4},"end":{"line":102,"column":36}},"47":{"start":{"line":105,"column":4},"end":{"line":105,"column":14}},"48":{"start":{"line":108,"column":4},"end":{"line":108,"column":16}}},"branchMap":{"1":{"line":35,"type":"if","locations":[{"start":{"line":35,"column":3},"end":{"line":35,"column":3}},{"start":{"line":35,"column":3},"end":{"line":35,"column":3}}]},"2":{"line":40,"type":"if","locations":[{"start":{"line":40,"column":3},"end":{"line":40,"column":3}},{"start":{"line":40,"column":3},"end":{"line":40,"column":3}}]},"3":{"line":64,"type":"if","locations":[{"start":{"line":64,"column":4},"end":{"line":64,"column":4}},{"start":{"line":64,"column":4},"end":{"line":64,"column":4}}]},"4":{"line":113,"type":"binary-expr","locations":[{"start":{"line":113,"column":2},"end":{"line":113,"column":29}},{"start":{"line":113,"column":33},"end":{"line":113,"column":40}},{"start":{"line":113,"column":44},"end":{"line":113,"column":48}}]}},"code":["/*global require:true*/","/*global window:true*/","","(function(exports) {","\t\"use strict\";","\tvar fs = require( 'fs' );","","\tvar RSVP = require('./rsvp');","\tvar ProcessingFile = require( \"./processing-file\" );","","","\t//TODO - Write test","\t// o","\t//","\t// resolve promise with obj","\t// {","\t// width: int","\t// height: int","\t// type: \"SVG\" || \"PNG\"","\t// }","\texports.getStats = function( gFile , o ){","","\t\treturn new RSVP.Promise(function(resolve){","","\t\t\tvar imagedata = gFile.imagedata,","\t\t\t\tdata = {};","","\t\t\t// get svg element's dimensions so we can set the viewport dims later","\t\t\tvar frag = window.document.createElement( \"div\" );","\t\t\tfrag.innerHTML = imagedata;","\t\t\tvar svgelem = frag.querySelector( \"svg\" );","\t\t\tvar pxre = /([\\d\\.]+)\\D*/;","\t\t\tvar width = svgelem.getAttribute( \"width\" );","\t\t\tvar height = svgelem.getAttribute( \"height\" );","\t\t\tif( width ){","\t\t\t\tdata.width = width.replace(pxre, \"$1px\");","\t\t\t} else {","\t\t\t\tdata.width = o.defaultWidth;","\t\t\t}","\t\t\tif( height ){","\t\t\t\tdata.height = height.replace(pxre, \"$1px\");","\t\t\t} else {","\t\t\t\tdata.height = o.defaultHeight;","\t\t\t}","\t\t\tdata.type = \"SVG\";","","\t\t\tresolve( data );","\t\t});","\t}; //getStats","","","\t//TODO - Requires Phantom - No test?","\texports.render = function( gFile , o) {","","\t\tvar page = require( \"webpage\" ).create();","","\t\tvar pngName = gFile.filenamenoext + \".png\";","\t\tvar filename = gFile.pathdir + fs.separator + gFile.filename;","\t\t// set page viewport size to svg dimensions","\t\tpage.viewportSize = {  width: parseFloat(gFile.width), height: parseFloat(gFile.height) };","\t\t// open svg file in webkit to make a png || png to grab base64","\t\treturn new RSVP.Promise(function(resolve, reject){","\t\t\tpage.open( gFile.uri, function( status ){","\t\t\t\tif( status === \"success\" ){","\t\t\t\t\t// create tmp file","\t\t\t\t\tpage.render( o.dest + pngName );","\t\t\t\t\tvar pngimgstring = page.renderBase64( \"png\" );","\t\t\t\t\tresolve( pngimgstring );","\t\t\t\t} else {","\t\t\t\t\treject( status + \": \" + \"Phantom had an error opening - \" + filename + \" - \" + \"Does it exist? \" + fs.exists(filename));","\t\t\t\t}","\t\t\t}); //page.open","\t\t});","\t}; // render","","\t// process an svg file from the source directory","\t//TODO - test - integration test?","\t//params","\t// filename","\t// o","\t//","\t//resolves promise","\texports.processFile = function( filename , o ){","\t\tvar self = this;","","\t\treturn new RSVP.Promise(function( resolve, reject ){","\t\t\tvar pFile;","","\t\t\ttry {","\t\t\t\tpFile = new ProcessingFile( filename );","\t\t\t\tpFile.setImageData();","\t\t\t} catch( e ){","\t\t\t\treject( e );","\t\t\t}","","\t\t\tself.getStats( pFile , o )","\t\t\t.then( function( data ){","\t\t\t\tpFile.width = data.width;","\t\t\t\tpFile.height = data.height;","\t\t\t\tpFile.type = data.type;","","\t\t\t\treturn self.render( pFile , o );","\t\t\t})","\t\t\t.then( function(){","\t\t\t\tresolve();","\t\t\t})","\t\t\t.catch( function(err){","\t\t\t\treject(err);","\t\t\t});","\t\t});","","\t}; // end of processFile","}(typeof exports === 'object' && exports || this));","",""],"l":{"4":1,"6":1,"8":1,"9":1,"21":1,"23":0,"25":0,"29":0,"30":0,"31":0,"32":0,"33":0,"34":0,"35":0,"36":0,"38":0,"40":0,"41":0,"43":0,"45":0,"47":0,"53":1,"55":0,"57":0,"58":0,"60":0,"62":0,"63":0,"64":0,"66":0,"67":0,"68":0,"70":0,"83":1,"84":0,"86":0,"87":0,"89":0,"90":0,"91":0,"93":0,"96":0,"98":0,"99":0,"100":0,"102":0,"105":0,"108":0}}}